<?xml version="1.0" encoding="UTF-8"?>
<robot generator="Robot 7.4.1 (Python 3.10.11 on win32)" generated="2026-02-22T20:54:15.584479" rpa="false" schemaversion="5">
<suite id="s1" name="test All" source="D:\Wipro Training\Capstone_Project\Selenium_Robot\tests\test_All.robot">
<test id="s1-t1" name="Complete Journey of - User 1" line="22">
<kw name="Run E2E For Row">
<kw name="Get File" owner="OperatingSystem">
<msg time="2026-02-22T20:54:16.031134" level="INFO" html="true">Getting file '&lt;a href="file://D:\Wipro Training\Capstone_Project\Selenium_Robot\variables\test_data.csv"&gt;D:\Wipro Training\Capstone_Project\Selenium_Robot\variables\test_data.csv&lt;/a&gt;'.</msg>
<msg time="2026-02-22T20:54:16.031134" level="INFO">${content} = first_name,last_name,email,password,gender,product_search,product_name,add_quantity,updated_quantity
Sana,Bano,sana05@mailtest.com,Test@1234,female,Blue Jeans,Blue Jeans,1,3
kalla,Pavani,pavani05@mail...</msg>
<var>${content}</var>
<arg>D:\\Wipro Training\\Capstone_Project\\Selenium_Robot\\tests/../variables/test_data.csv</arg>
<doc>Returns the contents of a specified file.</doc>
<status status="PASS" start="2026-02-22T20:54:16.030138" elapsed="0.000996"/>
</kw>
<kw name="Split To Lines" owner="String">
<msg time="2026-02-22T20:54:16.032133" level="INFO">18 lines returned.</msg>
<msg time="2026-02-22T20:54:16.032133" level="INFO">${lines} = ['first_name,last_name,email,password,gender,product_search,product_name,add_quantity,updated_quantity', 'Sana,Bano,sana05@mailtest.com,Test@1234,female,Blue Jeans,Blue Jeans,1,3', 'kalla,Pavani,pavan...</msg>
<var>${lines}</var>
<arg>${content}</arg>
<doc>Splits the given string to lines.</doc>
<status status="PASS" start="2026-02-22T20:54:16.032133" elapsed="0.000000"/>
</kw>
<kw name="Evaluate" owner="BuiltIn">
<msg time="2026-02-22T20:54:16.033128" level="INFO">${line_num} = 1</msg>
<var>${line_num}</var>
<arg>${row_index} + 1</arg>
<doc>Evaluates the given expression in Python and returns the result.</doc>
<status status="PASS" start="2026-02-22T20:54:16.032133" elapsed="0.000995"/>
</kw>
<kw name="Strip String" owner="String">
<msg time="2026-02-22T20:54:16.033128" level="INFO">${line} = Sana,Bano,sana05@mailtest.com,Test@1234,female,Blue Jeans,Blue Jeans,1,3</msg>
<var>${line}</var>
<arg>${lines}[${line_num}]</arg>
<doc>Remove leading and/or trailing whitespaces from the given string.</doc>
<status status="PASS" start="2026-02-22T20:54:16.033128" elapsed="0.000000"/>
</kw>
<kw name="Split String" owner="String">
<msg time="2026-02-22T20:54:16.035124" level="INFO">${cols} = ['Sana', 'Bano', 'sana05@mailtest.com', 'Test@1234', 'female', 'Blue Jeans', 'Blue Jeans', '1', '3']</msg>
<var>${cols}</var>
<arg>${line}</arg>
<arg>,</arg>
<doc>Splits the ``string`` using ``separator`` as a delimiter string.</doc>
<status status="PASS" start="2026-02-22T20:54:16.033128" elapsed="0.001996"/>
</kw>
<kw name="Strip String" owner="String">
<msg time="2026-02-22T20:54:16.036501" level="INFO">${first_name} = Sana</msg>
<var>${first_name}</var>
<arg>${cols}[0]</arg>
<doc>Remove leading and/or trailing whitespaces from the given string.</doc>
<status status="PASS" start="2026-02-22T20:54:16.035124" elapsed="0.001377"/>
</kw>
<kw name="Strip String" owner="String">
<msg time="2026-02-22T20:54:16.036501" level="INFO">${last_name} = Bano</msg>
<var>${last_name}</var>
<arg>${cols}[1]</arg>
<doc>Remove leading and/or trailing whitespaces from the given string.</doc>
<status status="PASS" start="2026-02-22T20:54:16.036501" elapsed="0.000000"/>
</kw>
<kw name="Strip String" owner="String">
<msg time="2026-02-22T20:54:16.037513" level="INFO">${email} = sana05@mailtest.com</msg>
<var>${email}</var>
<arg>${cols}[2]</arg>
<doc>Remove leading and/or trailing whitespaces from the given string.</doc>
<status status="PASS" start="2026-02-22T20:54:16.037513" elapsed="0.000000"/>
</kw>
<kw name="Strip String" owner="String">
<msg time="2026-02-22T20:54:16.038539" level="INFO">${password} = Test@1234</msg>
<var>${password}</var>
<arg>${cols}[3]</arg>
<doc>Remove leading and/or trailing whitespaces from the given string.</doc>
<status status="PASS" start="2026-02-22T20:54:16.037513" elapsed="0.001026"/>
</kw>
<kw name="Strip String" owner="String">
<msg time="2026-02-22T20:54:16.039540" level="INFO">${gender} = female</msg>
<var>${gender}</var>
<arg>${cols}[4]</arg>
<doc>Remove leading and/or trailing whitespaces from the given string.</doc>
<status status="PASS" start="2026-02-22T20:54:16.039540" elapsed="0.000988"/>
</kw>
<kw name="Strip String" owner="String">
<msg time="2026-02-22T20:54:16.040528" level="INFO">${product_search} = Blue Jeans</msg>
<var>${product_search}</var>
<arg>${cols}[5]</arg>
<doc>Remove leading and/or trailing whitespaces from the given string.</doc>
<status status="PASS" start="2026-02-22T20:54:16.040528" elapsed="0.000000"/>
</kw>
<kw name="Strip String" owner="String">
<msg time="2026-02-22T20:54:16.041525" level="INFO">${product_name} = Blue Jeans</msg>
<var>${product_name}</var>
<arg>${cols}[6]</arg>
<doc>Remove leading and/or trailing whitespaces from the given string.</doc>
<status status="PASS" start="2026-02-22T20:54:16.041525" elapsed="0.000000"/>
</kw>
<kw name="Strip String" owner="String">
<msg time="2026-02-22T20:54:16.042522" level="INFO">${add_quantity} = 1</msg>
<var>${add_quantity}</var>
<arg>${cols}[7]</arg>
<doc>Remove leading and/or trailing whitespaces from the given string.</doc>
<status status="PASS" start="2026-02-22T20:54:16.041525" elapsed="0.000997"/>
</kw>
<kw name="Strip String" owner="String">
<msg time="2026-02-22T20:54:16.042522" level="INFO">${updated_quantity} = 3</msg>
<var>${updated_quantity}</var>
<arg>${cols}[8]</arg>
<doc>Remove leading and/or trailing whitespaces from the given string.</doc>
<status status="PASS" start="2026-02-22T20:54:16.042522" elapsed="0.000000"/>
</kw>
<kw name="Run E2E For Single User">
<kw name="Open Browser To Site" owner="common_keywords">
<kw name="Convert To Lower Case" owner="String">
<msg time="2026-02-22T20:54:16.046509" level="INFO">${browser_lower} = chrome</msg>
<var>${browser_lower}</var>
<arg>${BROWSER}</arg>
<doc>Converts string to lower case.</doc>
<status status="PASS" start="2026-02-22T20:54:16.045518" elapsed="0.000991"/>
</kw>
<if>
<branch type="IF" condition="'${browser_lower}' == 'edge' or '${browser_lower}' == 'chrome'">
<kw name="Evaluate" owner="BuiltIn">
<msg time="2026-02-22T20:54:16.048585" level="INFO">${options} = &lt;selenium.webdriver.chrome.options.Options object at 0x000001C04F4CEDA0&gt;</msg>
<var>${options}</var>
<arg>sys.modules['selenium.webdriver'].EdgeOptions() if '${browser_lower}' == 'edge' else sys.modules['selenium.webdriver'].ChromeOptions()</arg>
<arg>sys</arg>
<doc>Evaluates the given expression in Python and returns the result.</doc>
<status status="PASS" start="2026-02-22T20:54:16.047543" elapsed="0.001042"/>
</kw>
<kw name="Call Method" owner="BuiltIn">
<arg>${options}</arg>
<arg>add_argument</arg>
<arg>--ignore-certificate-errors</arg>
<doc>Calls the named method of the given object with the provided arguments.</doc>
<status status="PASS" start="2026-02-22T20:54:16.048585" elapsed="0.003007"/>
</kw>
<kw name="Call Method" owner="BuiltIn">
<arg>${options}</arg>
<arg>add_argument</arg>
<arg>--ignore-ssl-errors</arg>
<doc>Calls the named method of the given object with the provided arguments.</doc>
<status status="PASS" start="2026-02-22T20:54:16.051592" elapsed="0.000000"/>
</kw>
<kw name="Call Method" owner="BuiltIn">
<arg>${options}</arg>
<arg>add_argument</arg>
<arg>--allow-insecure-localhost</arg>
<doc>Calls the named method of the given object with the provided arguments.</doc>
<status status="PASS" start="2026-02-22T20:54:16.051592" elapsed="0.000998"/>
</kw>
<kw name="Call Method" owner="BuiltIn">
<arg>${options}</arg>
<arg>add_argument</arg>
<arg>--no-first-run</arg>
<doc>Calls the named method of the given object with the provided arguments.</doc>
<status status="PASS" start="2026-02-22T20:54:16.052590" elapsed="0.000000"/>
</kw>
<kw name="Call Method" owner="BuiltIn">
<arg>${options}</arg>
<arg>add_argument</arg>
<arg>--no-default-browser-check</arg>
<doc>Calls the named method of the given object with the provided arguments.</doc>
<status status="PASS" start="2026-02-22T20:54:16.052590" elapsed="0.000995"/>
</kw>
<kw name="Open Browser" owner="SeleniumLibrary">
<msg time="2026-02-22T20:54:16.053585" level="INFO">Opening browser 'chrome' to base url 'https://demowebshop.tricentis.com'.</msg>
<arg>${BASE_URL}</arg>
<arg>${BROWSER}</arg>
<arg>options=${options}</arg>
<doc>Opens a new browser instance to the optional ``url``.</doc>
<status status="PASS" start="2026-02-22T20:54:16.053585" elapsed="5.987559"/>
</kw>
<status status="PASS" start="2026-02-22T20:54:16.046509" elapsed="5.995640"/>
</branch>
<branch type="ELSE">
<kw name="Open Browser" owner="SeleniumLibrary">
<arg>${BASE_URL}</arg>
<arg>${BROWSER}</arg>
<doc>Opens a new browser instance to the optional ``url``.</doc>
<status status="NOT RUN" start="2026-02-22T20:54:22.044214" elapsed="0.000000"/>
</kw>
<status status="NOT RUN" start="2026-02-22T20:54:22.042149" elapsed="0.002065"/>
</branch>
<status status="PASS" start="2026-02-22T20:54:16.046509" elapsed="5.997705"/>
</if>
<kw name="Maximize Browser Window" owner="SeleniumLibrary">
<doc>Maximizes current browser window.</doc>
<status status="PASS" start="2026-02-22T20:54:22.044214" elapsed="0.154629"/>
</kw>
<kw name="Set Selenium Implicit Wait" owner="SeleniumLibrary">
<arg>${IMPLICIT_WAIT}</arg>
<doc>Sets the implicit wait value used by Selenium.</doc>
<status status="PASS" start="2026-02-22T20:54:22.198843" elapsed="0.001999"/>
</kw>
<kw name="Get Title" owner="SeleniumLibrary">
<msg time="2026-02-22T20:54:22.249259" level="INFO">${title} = Demo Web Shop</msg>
<var>${title}</var>
<doc>Returns the title of the current page.</doc>
<status status="PASS" start="2026-02-22T20:54:22.201940" elapsed="0.048317"/>
</kw>
<kw name="Should Not Be Empty" owner="BuiltIn">
<msg time="2026-02-22T20:54:22.260696" level="INFO">Length is 13.</msg>
<arg>${title}</arg>
<arg>msg=Page title empty – site may not have loaded</arg>
<doc>Verifies that the given item is not empty.</doc>
<status status="PASS" start="2026-02-22T20:54:22.250257" elapsed="0.010439"/>
</kw>
<kw name="Log" owner="BuiltIn">
<msg time="2026-02-22T20:54:22.268206" level="INFO">Browser opened at https://demowebshop.tricentis.com | Title: Demo Web Shop</msg>
<arg>Browser opened at ${BASE_URL} | Title: ${title}</arg>
<doc>Logs the given message with the given level.</doc>
<status status="PASS" start="2026-02-22T20:54:22.263730" elapsed="0.005482"/>
</kw>
<doc>Open browser, go to BASE_URL, assert site loaded</doc>
<status status="PASS" start="2026-02-22T20:54:16.044516" elapsed="6.224696"/>
</kw>
<kw name="Get Title" owner="SeleniumLibrary">
<msg time="2026-02-22T20:54:22.301815" level="INFO">${title} = Demo Web Shop</msg>
<var>${title}</var>
<doc>Returns the title of the current page.</doc>
<status status="PASS" start="2026-02-22T20:54:22.271198" elapsed="0.030617"/>
</kw>
<kw name="Should Not Be Empty" owner="BuiltIn">
<msg time="2026-02-22T20:54:22.315516" level="INFO">Length is 13.</msg>
<arg>${title}</arg>
<arg>msg=Page title empty - site not loaded</arg>
<doc>Verifies that the given item is not empty.</doc>
<status status="PASS" start="2026-02-22T20:54:22.303064" elapsed="0.014445"/>
</kw>
<kw name="Register New User" owner="register_keywords">
<kw name="Log" owner="BuiltIn">
<msg time="2026-02-22T20:54:22.333461" level="INFO">STEP 2: REGISTER sana05@mailtest.com</msg>
<arg>STEP 2: REGISTER ${email}</arg>
<doc>Logs the given message with the given level.</doc>
<status status="PASS" start="2026-02-22T20:54:22.331472" elapsed="0.002982"/>
</kw>
<kw name="Click Element" owner="SeleniumLibrary">
<msg time="2026-02-22T20:54:22.339458" level="INFO">Clicking element 'xpath=//a[text()='Register']'.</msg>
<arg>${LOC_REG_LINK}</arg>
<doc>Click the element identified by ``locator``.</doc>
<status status="PASS" start="2026-02-22T20:54:22.335462" elapsed="0.831626"/>
</kw>
<kw name="Assert URL Contains" owner="common_keywords">
<kw name="Get Location" owner="SeleniumLibrary">
<msg time="2026-02-22T20:54:23.186969" level="INFO">${url} = https://demowebshop.tricentis.com/register</msg>
<var>${url}</var>
<doc>Returns the current browser window URL.</doc>
<status status="PASS" start="2026-02-22T20:54:23.169080" elapsed="0.017889"/>
</kw>
<kw name="Should Contain" owner="BuiltIn">
<arg>${url}</arg>
<arg>${fragment}</arg>
<arg>msg=URL '${url}' does not contain expected fragment '${fragment}'</arg>
<doc>Fails if ``container`` does not contain ``item`` one or more times.</doc>
<status status="PASS" start="2026-02-22T20:54:23.188020" elapsed="0.001988"/>
</kw>
<arg>register</arg>
<doc>Fail if current URL does not contain the expected fragment</doc>
<status status="PASS" start="2026-02-22T20:54:23.168084" elapsed="0.021924"/>
</kw>
<kw name="Get Title" owner="SeleniumLibrary">
<msg time="2026-02-22T20:54:23.199524" level="INFO">${title} = Demo Web Shop. Register</msg>
<var>${title}</var>
<doc>Returns the title of the current page.</doc>
<status status="PASS" start="2026-02-22T20:54:23.191007" elapsed="0.009513"/>
</kw>
<kw name="Should Contain" owner="BuiltIn">
<arg>${title}</arg>
<arg>Register</arg>
<arg>msg=Expected 'Register' in page title, got '${title}'</arg>
<doc>Fails if ``container`` does not contain ``item`` one or more times.</doc>
<status status="PASS" start="2026-02-22T20:54:23.200520" elapsed="0.000996"/>
</kw>
<kw name="Run Keyword If" owner="BuiltIn">
<kw name="Select Female Gender" owner="register_keywords">
<kw name="Click Element" owner="SeleniumLibrary">
<msg time="2026-02-22T20:54:23.204507" level="INFO">Clicking element 'id=gender-female'.</msg>
<arg>${LOC_GENDER_FEMALE}</arg>
<doc>Click the element identified by ``locator``.</doc>
<status status="PASS" start="2026-02-22T20:54:23.204507" elapsed="0.100244"/>
</kw>
<kw name="Get Element Attribute" owner="SeleniumLibrary">
<msg time="2026-02-22T20:54:23.323275" level="INFO">${selected} = true</msg>
<var>${selected}</var>
<arg>${LOC_GENDER_FEMALE}</arg>
<arg>checked</arg>
<doc>Returns the value of ``attribute`` from the element ``locator``.</doc>
<status status="PASS" start="2026-02-22T20:54:23.305808" elapsed="0.017467"/>
</kw>
<kw name="Should Not Be Empty" owner="BuiltIn">
<msg time="2026-02-22T20:54:23.324284" level="INFO">Length is 4.</msg>
<arg>${selected}</arg>
<arg>msg=Female radio button is not selected after clicking</arg>
<doc>Verifies that the given item is not empty.</doc>
<status status="PASS" start="2026-02-22T20:54:23.323275" elapsed="0.001009"/>
</kw>
<kw name="Log" owner="BuiltIn">
<msg time="2026-02-22T20:54:23.324284" level="INFO">Gender = female</msg>
<arg>Gender = female</arg>
<doc>Logs the given message with the given level.</doc>
<status status="PASS" start="2026-02-22T20:54:23.324284" elapsed="0.001010"/>
</kw>
<status status="PASS" start="2026-02-22T20:54:23.203510" elapsed="0.121784"/>
</kw>
<arg>'${gender}'.lower() == 'male'</arg>
<arg>Select Male Gender</arg>
<arg>ELSE</arg>
<arg>Select Female Gender</arg>
<doc>Runs the given keyword with the given arguments, if ``condition`` is true.</doc>
<status status="PASS" start="2026-02-22T20:54:23.202513" elapsed="0.122781"/>
</kw>
<kw name="Input Text" owner="SeleniumLibrary">
<msg time="2026-02-22T20:54:23.328062" level="INFO">Typing text 'Sana' into text field 'id=FirstName'.</msg>
<arg>${LOC_FIRST_NAME}</arg>
<arg>${first_name}</arg>
<doc>Types the given ``text`` into the text field identified by ``locator``.</doc>
<status status="PASS" start="2026-02-22T20:54:23.326717" elapsed="0.158774"/>
</kw>
<kw name="Element Attribute Value Should Be" owner="SeleniumLibrary">
<msg time="2026-02-22T20:54:23.532491" level="INFO">Element 'id=FirstName' attribute 'value' contains value 'Sana'.</msg>
<arg>${LOC_FIRST_NAME}</arg>
<arg>value</arg>
<arg>${first_name}</arg>
<doc>Verifies element identified by ``locator`` contains expected attribute value.</doc>
<status status="PASS" start="2026-02-22T20:54:23.485491" elapsed="0.048046"/>
</kw>
<kw name="Input Text" owner="SeleniumLibrary">
<msg time="2026-02-22T20:54:23.535987" level="INFO">Typing text 'Bano' into text field 'id=LastName'.</msg>
<arg>${LOC_LAST_NAME}</arg>
<arg>${last_name}</arg>
<doc>Types the given ``text`` into the text field identified by ``locator``.</doc>
<status status="PASS" start="2026-02-22T20:54:23.534990" elapsed="0.084703"/>
</kw>
<kw name="Element Attribute Value Should Be" owner="SeleniumLibrary">
<msg time="2026-02-22T20:54:23.631586" level="INFO">Element 'id=LastName' attribute 'value' contains value 'Bano'.</msg>
<arg>${LOC_LAST_NAME}</arg>
<arg>value</arg>
<arg>${last_name}</arg>
<doc>Verifies element identified by ``locator`` contains expected attribute value.</doc>
<status status="PASS" start="2026-02-22T20:54:23.620706" elapsed="0.011917"/>
</kw>
<kw name="Input Text" owner="SeleniumLibrary">
<msg time="2026-02-22T20:54:23.632623" level="INFO">Typing text 'sana05@mailtest.com' into text field 'id=Email'.</msg>
<arg>${LOC_REG_EMAIL}</arg>
<arg>${email}</arg>
<doc>Types the given ``text`` into the text field identified by ``locator``.</doc>
<status status="PASS" start="2026-02-22T20:54:23.632623" elapsed="0.099409"/>
</kw>
<kw name="Element Attribute Value Should Be" owner="SeleniumLibrary">
<msg time="2026-02-22T20:54:23.743738" level="INFO">Element 'id=Email' attribute 'value' contains value 'sana05@mailtest.com'.</msg>
<arg>${LOC_REG_EMAIL}</arg>
<arg>value</arg>
<arg>${email}</arg>
<doc>Verifies element identified by ``locator`` contains expected attribute value.</doc>
<status status="PASS" start="2026-02-22T20:54:23.732032" elapsed="0.011706"/>
</kw>
<kw name="Input Password" owner="SeleniumLibrary">
<msg time="2026-02-22T20:54:23.743738" level="INFO">Typing password into text field 'id=Password'.</msg>
<msg time="2026-02-22T20:54:23.771974" level="INFO">Temporally setting log level to: NONE</msg>
<arg>${LOC_REG_PASSWORD}</arg>
<arg>${password}</arg>
<doc>Types the given password into the text field identified by ``locator``.</doc>
<status status="PASS" start="2026-02-22T20:54:23.743738" elapsed="0.081048"/>
</kw>
<kw name="Input Password" owner="SeleniumLibrary">
<msg time="2026-02-22T20:54:23.826933" level="INFO">Typing password into text field 'id=ConfirmPassword'.</msg>
<msg time="2026-02-22T20:54:23.854027" level="INFO">Temporally setting log level to: NONE</msg>
<arg>${LOC_CONFIRM_PASSWORD}</arg>
<arg>${password}</arg>
<doc>Types the given password into the text field identified by ``locator``.</doc>
<status status="PASS" start="2026-02-22T20:54:23.825928" elapsed="0.074127"/>
</kw>
<kw name="Click Element" owner="SeleniumLibrary">
<msg time="2026-02-22T20:54:23.901060" level="INFO">Clicking element 'id=register-button'.</msg>
<arg>${LOC_REGISTER_BTN}</arg>
<doc>Click the element identified by ``locator``.</doc>
<status status="PASS" start="2026-02-22T20:54:23.901060" elapsed="0.799494"/>
</kw>
<kw name="Sleep" owner="BuiltIn">
<msg time="2026-02-22T20:54:26.714185" level="INFO">Slept 2 seconds.</msg>
<arg>2s</arg>
<doc>Pauses the test executed for the given time.</doc>
<status status="PASS" start="2026-02-22T20:54:24.701585" elapsed="2.012600"/>
</kw>
<kw name="Get Source" owner="SeleniumLibrary">
<msg time="2026-02-22T20:54:26.721041" level="INFO">${page_source} = &lt;html&gt;&lt;head&gt;
    &lt;title&gt;Demo Web Shop. Register&lt;/title&gt;
    &lt;meta http-equiv="Content-type" content="text/html;charset=UTF-8"&gt;
    &lt;meta name="description" content=""&gt;
    &lt;meta name="keywords" conten...</msg>
<var>${page_source}</var>
<doc>Returns the entire HTML source of the current page or frame.</doc>
<status status="PASS" start="2026-02-22T20:54:26.714185" elapsed="0.006856"/>
</kw>
<kw name="Convert To Lower Case" owner="String">
<msg time="2026-02-22T20:54:26.723050" level="INFO">${page_lower} = &lt;html&gt;&lt;head&gt;
    &lt;title&gt;demo web shop. register&lt;/title&gt;
    &lt;meta http-equiv="content-type" content="text/html;charset=utf-8"&gt;
    &lt;meta name="description" content=""&gt;
    &lt;meta name="keywords" conten...</msg>
<var>${page_lower}</var>
<arg>${page_source}</arg>
<doc>Converts string to lower case.</doc>
<status status="PASS" start="2026-02-22T20:54:26.721041" elapsed="0.002009"/>
</kw>
<kw name="Run Keyword And Return Status" owner="BuiltIn">
<kw name="Should Contain" owner="BuiltIn">
<arg>${page_lower}</arg>
<arg>already exist</arg>
<doc>Fails if ``container`` does not contain ``item`` one or more times.</doc>
<status status="PASS" start="2026-02-22T20:54:26.723050" elapsed="0.001351"/>
</kw>
<msg time="2026-02-22T20:54:26.724401" level="INFO">${already_exists} = True</msg>
<var>${already_exists}</var>
<arg>Should Contain</arg>
<arg>${page_lower}</arg>
<arg>already exist</arg>
<doc>Runs the specified keyword and returns the status as a Boolean value.</doc>
<status status="PASS" start="2026-02-22T20:54:26.723050" elapsed="0.001351"/>
</kw>
<if>
<branch type="IF" condition="not ${already_exists}">
<kw name="Run Keyword And Return Status" owner="BuiltIn">
<var>${already_exists}</var>
<arg>Should Contain</arg>
<arg>${page_lower}</arg>
<arg>the specified email already exists</arg>
<doc>Runs the specified keyword and returns the status as a Boolean value.</doc>
<status status="NOT RUN" start="2026-02-22T20:54:26.725679" elapsed="0.000000"/>
</kw>
<status status="NOT RUN" start="2026-02-22T20:54:26.724401" elapsed="0.001278"/>
</branch>
<status status="PASS" start="2026-02-22T20:54:26.724401" elapsed="0.001278"/>
</if>
<if>
<branch type="IF" condition="${already_exists}">
<kw name="Log" owner="BuiltIn">
<msg time="2026-02-22T20:54:26.726683" level="WARN">WARNING: Email already registered: sana05@mailtest.com — will proceed to login</msg>
<arg>WARNING: Email already registered: ${email} — will proceed to login</arg>
<arg>WARN</arg>
<doc>Logs the given message with the given level.</doc>
<status status="PASS" start="2026-02-22T20:54:26.725679" elapsed="0.001004"/>
</kw>
<return>
<value>already_exists</value>
<status status="PASS" start="2026-02-22T20:54:26.727870" elapsed="0.000000"/>
</return>
<status status="PASS" start="2026-02-22T20:54:26.725679" elapsed="0.002191"/>
</branch>
<status status="PASS" start="2026-02-22T20:54:26.725679" elapsed="0.002191"/>
</if>
<kw name="Get Location" owner="SeleniumLibrary">
<var>${url}</var>
<doc>Returns the current browser window URL.</doc>
<status status="NOT RUN" start="2026-02-22T20:54:26.727870" elapsed="0.000000"/>
</kw>
<kw name="Convert To Lower Case" owner="String">
<var>${url_lower}</var>
<arg>${url}</arg>
<doc>Converts string to lower case.</doc>
<status status="NOT RUN" start="2026-02-22T20:54:26.727870" elapsed="0.000000"/>
</kw>
<kw name="Run Keyword And Return Status" owner="BuiltIn">
<var>${success_url}</var>
<arg>Should Contain</arg>
<arg>${url_lower}</arg>
<arg>registerresult</arg>
<doc>Runs the specified keyword and returns the status as a Boolean value.</doc>
<status status="NOT RUN" start="2026-02-22T20:54:26.729212" elapsed="0.000000"/>
</kw>
<if>
<branch type="IF" condition="${success_url}">
<kw name="Log" owner="BuiltIn">
<arg>Registration successful for ${email}</arg>
<doc>Logs the given message with the given level.</doc>
<status status="NOT RUN" start="2026-02-22T20:54:26.729212" elapsed="0.000000"/>
</kw>
<return>
<value>registered</value>
<status status="NOT RUN" start="2026-02-22T20:54:26.729212" elapsed="0.000000"/>
</return>
<status status="NOT RUN" start="2026-02-22T20:54:26.729212" elapsed="0.001017"/>
</branch>
<status status="NOT RUN" start="2026-02-22T20:54:26.729212" elapsed="0.002017"/>
</if>
<kw name="Run Keyword And Return Status" owner="BuiltIn">
<var>${success_text}</var>
<arg>Should Contain</arg>
<arg>${page_lower}</arg>
<arg>your registration completed</arg>
<doc>Runs the specified keyword and returns the status as a Boolean value.</doc>
<status status="NOT RUN" start="2026-02-22T20:54:26.731229" elapsed="0.000000"/>
</kw>
<if>
<branch type="IF" condition="${success_text}">
<kw name="Log" owner="BuiltIn">
<arg>Registration successful for ${email}</arg>
<doc>Logs the given message with the given level.</doc>
<status status="NOT RUN" start="2026-02-22T20:54:26.732224" elapsed="0.000000"/>
</kw>
<return>
<value>registered</value>
<status status="NOT RUN" start="2026-02-22T20:54:26.732224" elapsed="0.000000"/>
</return>
<status status="NOT RUN" start="2026-02-22T20:54:26.732224" elapsed="0.001020"/>
</branch>
<status status="NOT RUN" start="2026-02-22T20:54:26.731229" elapsed="0.002015"/>
</if>
<kw name="Run Keyword And Return Status" owner="BuiltIn">
<var>${still_on_register}</var>
<arg>Should Contain</arg>
<arg>${url_lower}</arg>
<arg>register</arg>
<doc>Runs the specified keyword and returns the status as a Boolean value.</doc>
<status status="NOT RUN" start="2026-02-22T20:54:26.733244" elapsed="0.000000"/>
</kw>
<if>
<branch type="IF" condition="not ${still_on_register}">
<kw name="Log" owner="BuiltIn">
<arg>Registration redirected to ${url} — treating as success</arg>
<doc>Logs the given message with the given level.</doc>
<status status="NOT RUN" start="2026-02-22T20:54:26.734267" elapsed="0.000000"/>
</kw>
<return>
<value>registered</value>
<status status="NOT RUN" start="2026-02-22T20:54:26.734267" elapsed="0.000000"/>
</return>
<status status="NOT RUN" start="2026-02-22T20:54:26.734267" elapsed="0.000000"/>
</branch>
<status status="NOT RUN" start="2026-02-22T20:54:26.734267" elapsed="0.001266"/>
</if>
<kw name="Run Keyword And Return Status" owner="BuiltIn">
<var>${has_result}</var>
<arg>Element Should Be Visible</arg>
<arg>${LOC_REGISTER_RESULT}</arg>
<doc>Runs the specified keyword and returns the status as a Boolean value.</doc>
<status status="NOT RUN" start="2026-02-22T20:54:26.735533" elapsed="0.000000"/>
</kw>
<if>
<branch type="IF" condition="${has_result}">
<kw name="Get Text" owner="SeleniumLibrary">
<var>${result}</var>
<arg>${LOC_REGISTER_RESULT}</arg>
<doc>Returns the text value of the element identified by ``locator``.</doc>
<status status="NOT RUN" start="2026-02-22T20:54:26.736537" elapsed="0.000000"/>
</kw>
<kw name="Log" owner="BuiltIn">
<arg>Registration result: '${result}'</arg>
<doc>Logs the given message with the given level.</doc>
<status status="NOT RUN" start="2026-02-22T20:54:26.736537" elapsed="0.000000"/>
</kw>
<return>
<value>registered</value>
<status status="NOT RUN" start="2026-02-22T20:54:26.736537" elapsed="0.000000"/>
</return>
<status status="NOT RUN" start="2026-02-22T20:54:26.736537" elapsed="0.000000"/>
</branch>
<status status="NOT RUN" start="2026-02-22T20:54:26.736537" elapsed="0.000000"/>
</if>
<kw name="Fail" owner="BuiltIn">
<arg>Registration failed unexpectedly for ${email}. URL: ${url}</arg>
<doc>Fails the test with the given message and optionally alters its tags.</doc>
<status status="NOT RUN" start="2026-02-22T20:54:26.737978" elapsed="0.000000"/>
</kw>
<msg time="2026-02-22T20:54:26.737978" level="INFO">${reg_result} = already_exists</msg>
<var>${reg_result}</var>
<arg>${first_name}</arg>
<arg>${last_name}</arg>
<arg>${email}</arg>
<arg>${password}</arg>
<arg>${gender}</arg>
<doc>Registration flow. Returns 'registered' or 'already_exists'.
If email already exists, logs a warning and returns 'already_exists'
instead of failing — the test will then proceed to login.</doc>
<status status="PASS" start="2026-02-22T20:54:22.320517" elapsed="4.417461"/>
</kw>
<kw name="Should Not Be Empty" owner="BuiltIn">
<msg time="2026-02-22T20:54:26.739975" level="INFO">Length is 14.</msg>
<arg>${reg_result}</arg>
<doc>Verifies that the given item is not empty.</doc>
<status status="PASS" start="2026-02-22T20:54:26.738976" elapsed="0.001998"/>
</kw>
<kw name="Log" owner="BuiltIn">
<msg time="2026-02-22T20:54:26.741975" level="INFO">Registration result: already_exists</msg>
<arg>Registration result: ${reg_result}</arg>
<doc>Logs the given message with the given level.</doc>
<status status="PASS" start="2026-02-22T20:54:26.740974" elapsed="0.001001"/>
</kw>
<kw name="Go To" owner="SeleniumLibrary">
<msg time="2026-02-22T20:54:26.742963" level="INFO">Opening url 'https://demowebshop.tricentis.com'</msg>
<arg>${BASE_URL}</arg>
<doc>Navigates the current browser window to the provided ``url``.</doc>
<status status="PASS" start="2026-02-22T20:54:26.742963" elapsed="0.579164"/>
</kw>
<kw name="Run Keyword And Return Status" owner="BuiltIn">
<kw name="Element Should Be Visible" owner="SeleniumLibrary">
<msg time="2026-02-22T20:54:27.392541" level="INFO">Element 'css=a.account' is displayed.</msg>
<arg>${LOC_ACCOUNT_LINK}</arg>
<doc>Verifies that the element identified by ``locator`` is visible.</doc>
<status status="PASS" start="2026-02-22T20:54:27.326535" elapsed="0.067007"/>
</kw>
<msg time="2026-02-22T20:54:27.393542" level="INFO">${already_logged_in} = True</msg>
<var>${already_logged_in}</var>
<arg>Element Should Be Visible</arg>
<arg>${LOC_ACCOUNT_LINK}</arg>
<doc>Runs the specified keyword and returns the status as a Boolean value.</doc>
<status status="PASS" start="2026-02-22T20:54:27.323122" elapsed="0.070420"/>
</kw>
<if>
<branch type="IF" condition="${already_logged_in}">
<kw name="Log" owner="BuiltIn">
<msg time="2026-02-22T20:54:27.396211" level="INFO">Auto-session detected — logging out to show fresh login</msg>
<arg>Auto-session detected — logging out to show fresh login</arg>
<doc>Logs the given message with the given level.</doc>
<status status="PASS" start="2026-02-22T20:54:27.396211" elapsed="0.000000"/>
</kw>
<kw name="Logout User" owner="login_keywords">
<kw name="Log" owner="BuiltIn">
<msg time="2026-02-22T20:54:27.398387" level="INFO">STEP 10: LOGOUT</msg>
<arg>STEP 10: LOGOUT</arg>
<arg>INFO</arg>
<doc>Logs the given message with the given level.</doc>
<status status="PASS" start="2026-02-22T20:54:27.398387" elapsed="0.000000"/>
</kw>
<kw name="Run Keyword And Return Status" owner="BuiltIn">
<kw name="Element Should Be Visible" owner="SeleniumLibrary">
<msg time="2026-02-22T20:54:27.419898" level="INFO">Element 'css=a.account' is displayed.</msg>
<arg>${LOC_ACCOUNT_LINK}</arg>
<doc>Verifies that the element identified by ``locator`` is visible.</doc>
<status status="PASS" start="2026-02-22T20:54:27.399466" elapsed="0.020432"/>
</kw>
<msg time="2026-02-22T20:54:27.419898" level="INFO">${is_logged_in} = True</msg>
<var>${is_logged_in}</var>
<arg>Element Should Be Visible</arg>
<arg>${LOC_ACCOUNT_LINK}</arg>
<doc>Runs the specified keyword and returns the status as a Boolean value.</doc>
<status status="PASS" start="2026-02-22T20:54:27.399466" elapsed="0.020432"/>
</kw>
<if>
<branch type="IF" condition="not ${is_logged_in}">
<kw name="Log" owner="BuiltIn">
<arg>No active session found — skipping logout</arg>
<arg>WARN</arg>
<doc>Logs the given message with the given level.</doc>
<status status="NOT RUN" start="2026-02-22T20:54:27.420940" elapsed="0.000000"/>
</kw>
<return>
<status status="NOT RUN" start="2026-02-22T20:54:27.420940" elapsed="0.000000"/>
</return>
<status status="NOT RUN" start="2026-02-22T20:54:27.419898" elapsed="0.001042"/>
</branch>
<status status="PASS" start="2026-02-22T20:54:27.419898" elapsed="0.001042"/>
</if>
<kw name="Go To" owner="SeleniumLibrary">
<msg time="2026-02-22T20:54:27.423948" level="INFO">Opening url 'https://demowebshop.tricentis.com/logout'</msg>
<arg>${BASE_URL}/logout</arg>
<doc>Navigates the current browser window to the provided ``url``.</doc>
<status status="PASS" start="2026-02-22T20:54:27.420940" elapsed="0.814256"/>
</kw>
<kw name="Sleep" owner="BuiltIn">
<msg time="2026-02-22T20:54:29.251321" level="INFO">Slept 1 second.</msg>
<arg>1s</arg>
<doc>Pauses the test executed for the given time.</doc>
<status status="PASS" start="2026-02-22T20:54:28.236200" elapsed="1.016064"/>
</kw>
<kw name="Log" owner="BuiltIn">
<msg time="2026-02-22T20:54:29.253326" level="INFO">Logout successful</msg>
<arg>Logout successful</arg>
<arg>INFO</arg>
<doc>Logs the given message with the given level.</doc>
<status status="PASS" start="2026-02-22T20:54:29.252264" elapsed="0.002383"/>
</kw>
<doc>Logout via direct /logout URL.</doc>
<status status="PASS" start="2026-02-22T20:54:27.397209" elapsed="1.857438"/>
</kw>
<kw name="Go To" owner="SeleniumLibrary">
<msg time="2026-02-22T20:54:29.254647" level="INFO">Opening url 'https://demowebshop.tricentis.com'</msg>
<arg>${BASE_URL}</arg>
<doc>Navigates the current browser window to the provided ``url``.</doc>
<status status="PASS" start="2026-02-22T20:54:29.254647" elapsed="0.609242"/>
</kw>
<kw name="Wait Until Element Is Visible" owner="SeleniumLibrary">
<arg>${LOC_LOGIN_LINK}</arg>
<arg>timeout=8</arg>
<doc>Waits until the element ``locator`` is visible.</doc>
<status status="PASS" start="2026-02-22T20:54:29.863889" elapsed="0.047586"/>
</kw>
<status status="PASS" start="2026-02-22T20:54:27.394918" elapsed="2.516557"/>
</branch>
<status status="PASS" start="2026-02-22T20:54:27.394918" elapsed="2.517643"/>
</if>
<kw name="Login As User" owner="login_keywords">
<kw name="Log" owner="BuiltIn">
<msg time="2026-02-22T20:54:29.913571" level="INFO">STEP 3: LOGIN sana05@mailtest.com</msg>
<arg>STEP 3: LOGIN ${email}</arg>
<arg>INFO</arg>
<doc>Logs the given message with the given level.</doc>
<status status="PASS" start="2026-02-22T20:54:29.913571" elapsed="0.000000"/>
</kw>
<kw name="Click Element" owner="SeleniumLibrary">
<msg time="2026-02-22T20:54:29.914630" level="INFO">Clicking element 'xpath=//a[text()='Log in']'.</msg>
<arg>${LOC_LOGIN_LINK}</arg>
<doc>Click the element identified by ``locator``.</doc>
<status status="PASS" start="2026-02-22T20:54:29.914630" elapsed="0.620619"/>
</kw>
<kw name="Assert URL Contains" owner="common_keywords">
<kw name="Get Location" owner="SeleniumLibrary">
<msg time="2026-02-22T20:54:30.549891" level="INFO">${url} = https://demowebshop.tricentis.com/login</msg>
<var>${url}</var>
<doc>Returns the current browser window URL.</doc>
<status status="PASS" start="2026-02-22T20:54:30.539978" elapsed="0.010925"/>
</kw>
<kw name="Should Contain" owner="BuiltIn">
<arg>${url}</arg>
<arg>${fragment}</arg>
<arg>msg=URL '${url}' does not contain expected fragment '${fragment}'</arg>
<doc>Fails if ``container`` does not contain ``item`` one or more times.</doc>
<status status="PASS" start="2026-02-22T20:54:30.550903" elapsed="0.001013"/>
</kw>
<arg>login</arg>
<doc>Fail if current URL does not contain the expected fragment</doc>
<status status="PASS" start="2026-02-22T20:54:30.538674" elapsed="0.014279"/>
</kw>
<kw name="Get Title" owner="SeleniumLibrary">
<msg time="2026-02-22T20:54:30.562512" level="INFO">${title} = Demo Web Shop. Login</msg>
<var>${title}</var>
<doc>Returns the title of the current page.</doc>
<status status="PASS" start="2026-02-22T20:54:30.554266" elapsed="0.008246"/>
</kw>
<kw name="Should Contain" owner="BuiltIn">
<arg>${title}</arg>
<arg>Login</arg>
<arg>msg=Expected 'Login' in page title, got '${title}'</arg>
<doc>Fails if ``container`` does not contain ``item`` one or more times.</doc>
<status status="PASS" start="2026-02-22T20:54:30.563507" elapsed="0.000996"/>
</kw>
<kw name="Assert Element Visible" owner="common_keywords">
<kw name="Wait Until Element Is Visible" owner="SeleniumLibrary">
<arg>${locator}</arg>
<arg>timeout=${EXPLICIT_WAIT}</arg>
<arg>error=${message}</arg>
<doc>Waits until the element ``locator`` is visible.</doc>
<status status="PASS" start="2026-02-22T20:54:30.565500" elapsed="0.022879"/>
</kw>
<arg>${LOC_LOGIN_EMAIL}</arg>
<arg>Email field not visible</arg>
<status status="PASS" start="2026-02-22T20:54:30.564503" elapsed="0.023876"/>
</kw>
<kw name="Assert Element Visible" owner="common_keywords">
<kw name="Wait Until Element Is Visible" owner="SeleniumLibrary">
<arg>${locator}</arg>
<arg>timeout=${EXPLICIT_WAIT}</arg>
<arg>error=${message}</arg>
<doc>Waits until the element ``locator`` is visible.</doc>
<status status="PASS" start="2026-02-22T20:54:30.589557" elapsed="0.020734"/>
</kw>
<arg>${LOC_LOGIN_PASSWORD}</arg>
<arg>Password field not visible</arg>
<status status="PASS" start="2026-02-22T20:54:30.588379" elapsed="0.021912"/>
</kw>
<kw name="Assert Element Visible" owner="common_keywords">
<kw name="Wait Until Element Is Visible" owner="SeleniumLibrary">
<arg>${locator}</arg>
<arg>timeout=${EXPLICIT_WAIT}</arg>
<arg>error=${message}</arg>
<doc>Waits until the element ``locator`` is visible.</doc>
<status status="PASS" start="2026-02-22T20:54:30.611299" elapsed="0.020380"/>
</kw>
<arg>${LOC_LOGIN_BTN}</arg>
<arg>Login button not visible</arg>
<status status="PASS" start="2026-02-22T20:54:30.610291" elapsed="0.021388"/>
</kw>
<kw name="Input Text" owner="SeleniumLibrary">
<msg time="2026-02-22T20:54:30.632687" level="INFO">Typing text 'sana05@mailtest.com' into text field 'id=Email'.</msg>
<arg>${LOC_LOGIN_EMAIL}</arg>
<arg>${email}</arg>
<doc>Types the given ``text`` into the text field identified by ``locator``.</doc>
<status status="PASS" start="2026-02-22T20:54:30.631679" elapsed="0.110901"/>
</kw>
<kw name="Element Attribute Value Should Be" owner="SeleniumLibrary">
<msg time="2026-02-22T20:54:30.767211" level="INFO">Element 'id=Email' attribute 'value' contains value 'sana05@mailtest.com'.</msg>
<arg>${LOC_LOGIN_EMAIL}</arg>
<arg>value</arg>
<arg>${email}</arg>
<doc>Verifies element identified by ``locator`` contains expected attribute value.</doc>
<status status="PASS" start="2026-02-22T20:54:30.743577" elapsed="0.023634"/>
</kw>
<kw name="Input Password" owner="SeleniumLibrary">
<msg time="2026-02-22T20:54:30.768502" level="INFO">Typing password into text field 'id=Password'.</msg>
<msg time="2026-02-22T20:54:30.811532" level="INFO">Temporally setting log level to: NONE</msg>
<arg>${LOC_LOGIN_PASSWORD}</arg>
<arg>${password}</arg>
<doc>Types the given password into the text field identified by ``locator``.</doc>
<status status="PASS" start="2026-02-22T20:54:30.768502" elapsed="0.147930"/>
</kw>
<kw name="Click Element" owner="SeleniumLibrary">
<msg time="2026-02-22T20:54:30.916432" level="INFO">Clicking element 'xpath=//input[@value='Log in']'.</msg>
<arg>${LOC_LOGIN_BTN}</arg>
<doc>Click the element identified by ``locator``.</doc>
<status status="PASS" start="2026-02-22T20:54:30.916432" elapsed="1.063879"/>
</kw>
<kw name="Wait Until Element Is Visible" owner="SeleniumLibrary">
<arg>${LOC_ACCOUNT_LINK}</arg>
<arg>timeout=${EXPLICIT_WAIT}</arg>
<arg>error=Account link not visible after login — login may have failed for '${email}'</arg>
<doc>Waits until the element ``locator`` is visible.</doc>
<status status="PASS" start="2026-02-22T20:54:31.981310" elapsed="0.086889"/>
</kw>
<kw name="Get Text" owner="SeleniumLibrary">
<msg time="2026-02-22T20:54:32.207348" level="INFO">${account} = sana05@mailtest.com</msg>
<var>${account}</var>
<arg>${LOC_ACCOUNT_LINK}</arg>
<doc>Returns the text value of the element identified by ``locator``.</doc>
<status status="PASS" start="2026-02-22T20:54:32.071196" elapsed="0.136152"/>
</kw>
<kw name="Should Not Be Empty" owner="BuiltIn">
<msg time="2026-02-22T20:54:32.208343" level="INFO">Length is 19.</msg>
<arg>${account}</arg>
<arg>msg=Logged-in account text is empty</arg>
<doc>Verifies that the given item is not empty.</doc>
<status status="PASS" start="2026-02-22T20:54:32.207348" elapsed="0.000995"/>
</kw>
<kw name="Convert To Lower Case" owner="String">
<msg time="2026-02-22T20:54:32.209338" level="INFO">${email_lower} = sana05@mailtest.com</msg>
<var>${email_lower}</var>
<arg>${email}</arg>
<doc>Converts string to lower case.</doc>
<status status="PASS" start="2026-02-22T20:54:32.208343" elapsed="0.000995"/>
</kw>
<kw name="Convert To Lower Case" owner="String">
<msg time="2026-02-22T20:54:32.210337" level="INFO">${account_lower} = sana05@mailtest.com</msg>
<var>${account_lower}</var>
<arg>${account}</arg>
<doc>Converts string to lower case.</doc>
<status status="PASS" start="2026-02-22T20:54:32.209338" elapsed="0.000999"/>
</kw>
<kw name="Run Keyword And Return Status" owner="BuiltIn">
<kw name="Should Contain" owner="BuiltIn">
<arg>${account_lower}</arg>
<arg>${email_lower}</arg>
<doc>Fails if ``container`` does not contain ``item`` one or more times.</doc>
<status status="PASS" start="2026-02-22T20:54:32.212331" elapsed="0.000996"/>
</kw>
<msg time="2026-02-22T20:54:32.213327" level="INFO">${contains_email} = True</msg>
<var>${contains_email}</var>
<arg>Should Contain</arg>
<arg>${account_lower}</arg>
<arg>${email_lower}</arg>
<doc>Runs the specified keyword and returns the status as a Boolean value.</doc>
<status status="PASS" start="2026-02-22T20:54:32.211334" elapsed="0.001993"/>
</kw>
<if>
<branch type="IF" condition="not ${contains_email}">
<kw name="Log" owner="BuiltIn">
<arg>Account shows '${account}' instead of email — login still confirmed</arg>
<arg>WARN</arg>
<doc>Logs the given message with the given level.</doc>
<status status="NOT RUN" start="2026-02-22T20:54:32.215320" elapsed="0.000000"/>
</kw>
<status status="NOT RUN" start="2026-02-22T20:54:32.214324" elapsed="0.000996"/>
</branch>
<status status="PASS" start="2026-02-22T20:54:32.214324" elapsed="0.000996"/>
</if>
<kw name="Get Location" owner="SeleniumLibrary">
<msg time="2026-02-22T20:54:32.239246" level="INFO">${url} = https://demowebshop.tricentis.com/</msg>
<var>${url}</var>
<doc>Returns the current browser window URL.</doc>
<status status="PASS" start="2026-02-22T20:54:32.216318" elapsed="0.022928"/>
</kw>
<kw name="Should Not Contain" owner="BuiltIn">
<arg>${url}</arg>
<arg>login</arg>
<arg>msg=Still on login page after login: ${url}</arg>
<doc>Fails if ``container`` contains ``item`` one or more times.</doc>
<status status="PASS" start="2026-02-22T20:54:32.240244" elapsed="0.000000"/>
</kw>
<kw name="Log" owner="BuiltIn">
<msg time="2026-02-22T20:54:32.241240" level="INFO">Logged in — account link shows: 'sana05@mailtest.com'</msg>
<arg>Logged in — account link shows: '${account}'</arg>
<arg>INFO</arg>
<doc>Logs the given message with the given level.</doc>
<status status="PASS" start="2026-02-22T20:54:32.241240" elapsed="0.000997"/>
</kw>
<arg>${email}</arg>
<arg>${password}</arg>
<doc>Full login flow with assertions at every step.</doc>
<status status="PASS" start="2026-02-22T20:54:29.912561" elapsed="2.329676"/>
</kw>
<kw name="Clear Cart" owner="cart_keywords">
<kw name="Go To" owner="SeleniumLibrary">
<msg time="2026-02-22T20:54:32.243234" level="INFO">Opening url 'https://demowebshop.tricentis.com/cart'</msg>
<arg>${BASE_URL}/cart</arg>
<doc>Navigates the current browser window to the provided ``url``.</doc>
<status status="PASS" start="2026-02-22T20:54:32.243234" elapsed="0.671905"/>
</kw>
<kw name="Sleep" owner="BuiltIn">
<msg time="2026-02-22T20:54:33.930025" level="INFO">Slept 1 second.</msg>
<arg>1s</arg>
<doc>Pauses the test executed for the given time.</doc>
<status status="PASS" start="2026-02-22T20:54:32.915139" elapsed="1.014886"/>
</kw>
<kw name="Get Element Count" owner="SeleniumLibrary">
<msg time="2026-02-22T20:54:43.966535" level="INFO">${count} = 0</msg>
<var>${count}</var>
<arg>${LOC_CART_ROWS}</arg>
<doc>Returns the number of elements matching ``locator``.</doc>
<status status="PASS" start="2026-02-22T20:54:33.931022" elapsed="10.035513"/>
</kw>
<if>
<branch type="IF" condition="${count} == 0">
<kw name="Log" owner="BuiltIn">
<msg time="2026-02-22T20:54:43.970720" level="INFO">Cart already empty — skipping clear</msg>
<arg>Cart already empty — skipping clear</arg>
<arg>INFO</arg>
<doc>Logs the given message with the given level.</doc>
<status status="PASS" start="2026-02-22T20:54:43.969714" elapsed="0.001006"/>
</kw>
<return>
<status status="PASS" start="2026-02-22T20:54:43.970720" elapsed="0.000000"/>
</return>
<status status="PASS" start="2026-02-22T20:54:43.967593" elapsed="0.003127"/>
</branch>
<status status="PASS" start="2026-02-22T20:54:43.967593" elapsed="0.003127"/>
</if>
<kw name="Log" owner="BuiltIn">
<arg>Clearing ${count} leftover item(s)</arg>
<arg>WARN</arg>
<doc>Logs the given message with the given level.</doc>
<status status="NOT RUN" start="2026-02-22T20:54:43.971738" elapsed="0.000000"/>
</kw>
<kw name="Get WebElements" owner="SeleniumLibrary">
<var>${checkboxes}</var>
<arg>${LOC_CART_REMOVE_CHECKS}</arg>
<doc>Returns a list of WebElement objects matching the ``locator``.</doc>
<status status="NOT RUN" start="2026-02-22T20:54:43.971738" elapsed="0.000000"/>
</kw>
<for flavor="IN">
<iter>
<kw name="Click Element" owner="SeleniumLibrary">
<arg>${cb}</arg>
<doc>Click the element identified by ``locator``.</doc>
<status status="NOT RUN" start="2026-02-22T20:54:43.972713" elapsed="0.000000"/>
</kw>
<var name="${cb}"/>
<status status="NOT RUN" start="2026-02-22T20:54:43.972713" elapsed="0.000000"/>
</iter>
<var>${cb}</var>
<value>@{checkboxes}</value>
<status status="NOT RUN" start="2026-02-22T20:54:43.971738" elapsed="0.000975"/>
</for>
<kw name="Click Element" owner="SeleniumLibrary">
<arg>${LOC_UPDATE_CART_BTN}</arg>
<doc>Click the element identified by ``locator``.</doc>
<status status="NOT RUN" start="2026-02-22T20:54:43.972713" elapsed="0.000996"/>
</kw>
<kw name="Sleep" owner="BuiltIn">
<arg>2s</arg>
<doc>Pauses the test executed for the given time.</doc>
<status status="NOT RUN" start="2026-02-22T20:54:43.973709" elapsed="0.000000"/>
</kw>
<kw name="Run Keyword And Return Status" owner="BuiltIn">
<var>${empty_msg_shown}</var>
<arg>Element Should Be Visible</arg>
<arg>${LOC_CART_EMPTY_MSG}</arg>
<doc>Runs the specified keyword and returns the status as a Boolean value.</doc>
<status status="NOT RUN" start="2026-02-22T20:54:43.973709" elapsed="0.000000"/>
</kw>
<kw name="Get Element Count" owner="SeleniumLibrary">
<var>${rows_left}</var>
<arg>${LOC_CART_ROWS}</arg>
<doc>Returns the number of elements matching ``locator``.</doc>
<status status="NOT RUN" start="2026-02-22T20:54:43.974706" elapsed="0.000000"/>
</kw>
<kw name="Evaluate" owner="BuiltIn">
<var>${is_empty}</var>
<arg>${empty_msg_shown} or ${rows_left} == 0</arg>
<doc>Evaluates the given expression in Python and returns the result.</doc>
<status status="NOT RUN" start="2026-02-22T20:54:43.974706" elapsed="0.000000"/>
</kw>
<kw name="Should Be True" owner="BuiltIn">
<arg>${is_empty}</arg>
<arg>msg=Cart did not empty after clicking update</arg>
<doc>Fails if the given condition is not true.</doc>
<status status="NOT RUN" start="2026-02-22T20:54:43.974706" elapsed="0.000000"/>
</kw>
<kw name="Log" owner="BuiltIn">
<arg>Cart cleared successfully</arg>
<arg>INFO</arg>
<doc>Logs the given message with the given level.</doc>
<status status="NOT RUN" start="2026-02-22T20:54:43.975703" elapsed="0.000000"/>
</kw>
<status status="PASS" start="2026-02-22T20:54:32.242237" elapsed="11.733466"/>
</kw>
<kw name="Go To" owner="SeleniumLibrary">
<msg time="2026-02-22T20:54:43.976700" level="INFO">Opening url 'https://demowebshop.tricentis.com'</msg>
<arg>${BASE_URL}</arg>
<doc>Navigates the current browser window to the provided ``url``.</doc>
<status status="PASS" start="2026-02-22T20:54:43.975703" elapsed="0.615418"/>
</kw>
<kw name="Wait Until Element Is Visible" owner="SeleniumLibrary">
<arg>${LOC_SEARCH_BOX}</arg>
<arg>timeout=8</arg>
<doc>Waits until the element ``locator`` is visible.</doc>
<status status="PASS" start="2026-02-22T20:54:44.592116" elapsed="0.043124"/>
</kw>
<kw name="Search For Product" owner="product_keywords">
<kw name="Log" owner="BuiltIn">
<msg time="2026-02-22T20:54:44.636254" level="INFO">STEP 4: SEARCH 'Blue Jeans'</msg>
<arg>STEP 4: SEARCH '${keyword}'</arg>
<doc>Logs the given message with the given level.</doc>
<status status="PASS" start="2026-02-22T20:54:44.636254" elapsed="0.000000"/>
</kw>
<kw name="Input Text" owner="SeleniumLibrary">
<msg time="2026-02-22T20:54:44.637275" level="INFO">Typing text 'Blue Jeans' into text field 'id=small-searchterms'.</msg>
<arg>${LOC_SEARCH_BOX}</arg>
<arg>${keyword}</arg>
<doc>Types the given ``text`` into the text field identified by ``locator``.</doc>
<status status="PASS" start="2026-02-22T20:54:44.637275" elapsed="0.193441"/>
</kw>
<kw name="Element Attribute Value Should Be" owner="SeleniumLibrary">
<msg time="2026-02-22T20:54:44.852013" level="INFO">Element 'id=small-searchterms' attribute 'value' contains value 'Blue Jeans'.</msg>
<arg>${LOC_SEARCH_BOX}</arg>
<arg>value</arg>
<arg>${keyword}</arg>
<doc>Verifies element identified by ``locator`` contains expected attribute value.</doc>
<status status="PASS" start="2026-02-22T20:54:44.833161" elapsed="0.019858"/>
</kw>
<kw name="Click Element" owner="SeleniumLibrary">
<msg time="2026-02-22T20:54:44.853019" level="INFO">Clicking element 'xpath=//input[@value='Search']'.</msg>
<arg>${LOC_SEARCH_BTN}</arg>
<doc>Click the element identified by ``locator``.</doc>
<status status="PASS" start="2026-02-22T20:54:44.853019" elapsed="0.952122"/>
</kw>
<kw name="Sleep" owner="BuiltIn">
<msg time="2026-02-22T20:54:47.819316" level="INFO">Slept 2 seconds.</msg>
<arg>2s</arg>
<doc>Pauses the test executed for the given time.</doc>
<status status="PASS" start="2026-02-22T20:54:45.806163" elapsed="2.014165"/>
</kw>
<kw name="Log" owner="BuiltIn">
<msg time="2026-02-22T20:54:47.821321" level="INFO">Search submitted</msg>
<arg>Search submitted</arg>
<doc>Logs the given message with the given level.</doc>
<status status="PASS" start="2026-02-22T20:54:47.820328" elapsed="0.000993"/>
</kw>
<arg>${product_search}</arg>
<doc>Enter keyword in search box, submit, assert results page.</doc>
<status status="PASS" start="2026-02-22T20:54:44.636254" elapsed="3.185067"/>
</kw>
<kw name="Assert Search Results Exist" owner="product_keywords">
<kw name="Wait Until Element Is Visible" owner="SeleniumLibrary">
<arg>${LOC_RESULT_ITEMS}</arg>
<arg>timeout=${EXPLICIT_WAIT}</arg>
<arg>error=No search results found – result items not visible</arg>
<doc>Waits until the element ``locator`` is visible.</doc>
<status status="PASS" start="2026-02-22T20:54:47.823312" elapsed="0.031792"/>
</kw>
<kw name="Get Element Count" owner="SeleniumLibrary">
<msg time="2026-02-22T20:54:47.866663" level="INFO">${count} = 2</msg>
<var>${count}</var>
<arg>${LOC_RESULT_ITEMS}</arg>
<doc>Returns the number of elements matching ``locator``.</doc>
<status status="PASS" start="2026-02-22T20:54:47.856115" elapsed="0.011557"/>
</kw>
<kw name="Should Be True" owner="BuiltIn">
<arg>${count} &gt; 0</arg>
<arg>msg=Search result count is 0</arg>
<doc>Fails if the given condition is not true.</doc>
<status status="PASS" start="2026-02-22T20:54:47.867672" elapsed="0.001014"/>
</kw>
<kw name="Log" owner="BuiltIn">
<msg time="2026-02-22T20:54:47.869728" level="INFO">2 result(s) found</msg>
<arg>${count} result(s) found</arg>
<doc>Logs the given message with the given level.</doc>
<status status="PASS" start="2026-02-22T20:54:47.868686" elapsed="0.001042"/>
</kw>
<doc>Assert at least one result item is visible on the page.</doc>
<status status="PASS" start="2026-02-22T20:54:47.822315" elapsed="0.047413"/>
</kw>
<kw name="Click Product By Name" owner="product_keywords">
<kw name="Log" owner="BuiltIn">
<msg time="2026-02-22T20:54:47.872768" level="INFO">STEP 5: OPEN PRODUCT 'Blue Jeans'</msg>
<arg>STEP 5: OPEN PRODUCT '${product_name}'</arg>
<doc>Logs the given message with the given level.</doc>
<status status="PASS" start="2026-02-22T20:54:47.871755" elapsed="0.001013"/>
</kw>
<kw name="Wait Until Element Is Visible" owner="SeleniumLibrary">
<arg>${LOC_PRODUCT_TITLES}</arg>
<arg>timeout=${EXPLICIT_WAIT}</arg>
<doc>Waits until the element ``locator`` is visible.</doc>
<status status="PASS" start="2026-02-22T20:54:47.872768" elapsed="0.021265"/>
</kw>
<kw name="Get WebElements" owner="SeleniumLibrary">
<msg time="2026-02-22T20:54:47.903487" level="INFO">${elements} = [&lt;selenium.webdriver.remote.webelement.WebElement (session="938fba8cd8fa3ec99a2dc2f63a742303", element="f.C7621E321B76E8275122CD206FC499ED.d.A08437752F9502EDACE1733C639EF83B.e.194")&gt;, &lt;selenium.webdri...</msg>
<var>${elements}</var>
<arg>${LOC_PRODUCT_TITLES}</arg>
<doc>Returns a list of WebElement objects matching the ``locator``.</doc>
<status status="PASS" start="2026-02-22T20:54:47.895485" elapsed="0.008002"/>
</kw>
<kw name="Should Not Be Empty" owner="BuiltIn">
<msg time="2026-02-22T20:54:47.904493" level="INFO">Length is 2.</msg>
<arg>${elements}</arg>
<arg>msg=No product title elements found</arg>
<doc>Verifies that the given item is not empty.</doc>
<status status="PASS" start="2026-02-22T20:54:47.904493" elapsed="0.000000"/>
</kw>
<kw name="Set Variable" owner="BuiltIn">
<msg time="2026-02-22T20:54:47.906660" level="INFO">${clicked} = </msg>
<var>${clicked}</var>
<arg>${EMPTY}</arg>
<doc>Returns the given values which can then be assigned to a variables.</doc>
<status status="PASS" start="2026-02-22T20:54:47.905500" elapsed="0.001160"/>
</kw>
<for flavor="IN">
<iter>
<kw name="Get Text" owner="SeleniumLibrary">
<msg time="2026-02-22T20:54:47.917971" level="INFO">${text} = Blue Jeans</msg>
<var>${text}</var>
<arg>${el}</arg>
<doc>Returns the text value of the element identified by ``locator``.</doc>
<status status="PASS" start="2026-02-22T20:54:47.907667" elapsed="0.010304"/>
</kw>
<kw name="Convert To Lower Case" owner="String">
<msg time="2026-02-22T20:54:47.918977" level="INFO">${text_lower} = blue jeans</msg>
<var>${text_lower}</var>
<arg>${text}</arg>
<doc>Converts string to lower case.</doc>
<status status="PASS" start="2026-02-22T20:54:47.917971" elapsed="0.001006"/>
</kw>
<kw name="Convert To Lower Case" owner="String">
<msg time="2026-02-22T20:54:47.918977" level="INFO">${name_lower} = blue jeans</msg>
<var>${name_lower}</var>
<arg>${product_name}</arg>
<doc>Converts string to lower case.</doc>
<status status="PASS" start="2026-02-22T20:54:47.918977" elapsed="0.000000"/>
</kw>
<kw name="Run Keyword And Return Status" owner="BuiltIn">
<kw name="Should Contain" owner="BuiltIn">
<arg>${text_lower}</arg>
<arg>${name_lower}</arg>
<doc>Fails if ``container`` does not contain ``item`` one or more times.</doc>
<status status="PASS" start="2026-02-22T20:54:47.919987" elapsed="0.001009"/>
</kw>
<msg time="2026-02-22T20:54:47.920996" level="INFO">${match} = True</msg>
<var>${match}</var>
<arg>Should Contain</arg>
<arg>${text_lower}</arg>
<arg>${name_lower}</arg>
<doc>Runs the specified keyword and returns the status as a Boolean value.</doc>
<status status="PASS" start="2026-02-22T20:54:47.919987" elapsed="0.001009"/>
</kw>
<if>
<branch type="IF" condition="${match} and '${clicked}' == '${EMPTY}'">
<kw name="Click Element" owner="SeleniumLibrary">
<msg time="2026-02-22T20:54:47.923013" level="INFO">Clicking element '&lt;selenium.webdriver.remote.webelement.WebElement (session="938fba8cd8fa3ec99a2dc2f63a742303", element="f.C7621E321B76E8275122CD206FC499ED.d.A08437752F9502EDACE1733C639EF83B.e.194")&gt;'.</msg>
<arg>${el}</arg>
<doc>Click the element identified by ``locator``.</doc>
<status status="PASS" start="2026-02-22T20:54:47.922004" elapsed="1.960592"/>
</kw>
<kw name="Set Test Variable" owner="BuiltIn">
<msg time="2026-02-22T20:54:49.885586" level="INFO">${clicked} = Blue Jeans</msg>
<arg>${clicked}</arg>
<arg>${text}</arg>
<doc>Makes a variable available everywhere within the scope of the current test.</doc>
<status status="PASS" start="2026-02-22T20:54:49.883593" elapsed="0.001993"/>
</kw>
<kw name="Exit For Loop" owner="BuiltIn">
<msg time="2026-02-22T20:54:49.887581" level="INFO">Exiting for loop altogether.</msg>
<doc>Stops executing the enclosing FOR loop.</doc>
<status status="PASS" start="2026-02-22T20:54:49.886585" elapsed="0.001992"/>
</kw>
<status status="PASS" start="2026-02-22T20:54:47.920996" elapsed="1.967581"/>
</branch>
<status status="PASS" start="2026-02-22T20:54:47.920996" elapsed="1.968578"/>
</if>
<var name="${el}">&lt;selenium.webdriver.remote.webelement.WebElement (session="938fba8cd8fa3ec99a2dc2f63a742303", element="f.C7621E321B76E8275122CD206FC499ED.d.A08437752F9502EDACE1733C639EF83B.e.194")&gt;</var>
<status status="PASS" start="2026-02-22T20:54:47.907667" elapsed="1.981907"/>
</iter>
<var>${el}</var>
<value>@{elements}</value>
<status status="PASS" start="2026-02-22T20:54:47.906660" elapsed="1.982914"/>
</for>
<if>
<branch type="IF" condition="'${clicked}' == '${EMPTY}'">
<kw name="Click Element" owner="SeleniumLibrary">
<arg>${elements}[0]</arg>
<doc>Click the element identified by ``locator``.</doc>
<status status="NOT RUN" start="2026-02-22T20:54:49.894040" elapsed="0.000000"/>
</kw>
<kw name="Set Test Variable" owner="BuiltIn">
<arg>${clicked}</arg>
<arg>fallback_first</arg>
<doc>Makes a variable available everywhere within the scope of the current test.</doc>
<status status="NOT RUN" start="2026-02-22T20:54:49.895038" elapsed="0.000000"/>
</kw>
<status status="NOT RUN" start="2026-02-22T20:54:49.890574" elapsed="0.004464"/>
</branch>
<status status="PASS" start="2026-02-22T20:54:49.890574" elapsed="0.004464"/>
</if>
<kw name="Log" owner="BuiltIn">
<msg time="2026-02-22T20:54:49.897150" level="INFO">Clicked product: 'Blue Jeans'</msg>
<arg>Clicked product: '${clicked}'</arg>
<doc>Logs the given message with the given level.</doc>
<status status="PASS" start="2026-02-22T20:54:49.896056" elapsed="0.001094"/>
</kw>
<return>
<value>${clicked}</value>
<status status="PASS" start="2026-02-22T20:54:49.897150" elapsed="0.000000"/>
</return>
<arg>${product_name}</arg>
<doc>Click on a product title that contains the given name.</doc>
<status status="PASS" start="2026-02-22T20:54:47.870741" elapsed="2.027441"/>
</kw>
<kw name="Assert On Product Detail Page" owner="product_keywords">
<kw name="Wait Until Element Is Visible" owner="SeleniumLibrary">
<arg>${LOC_PRODUCT_NAME}</arg>
<arg>timeout=${EXPLICIT_WAIT}</arg>
<arg>error=Product name not visible – may not be on product detail page</arg>
<doc>Waits until the element ``locator`` is visible.</doc>
<status status="PASS" start="2026-02-22T20:54:49.899217" elapsed="0.026454"/>
</kw>
<kw name="Get Text" owner="SeleniumLibrary">
<msg time="2026-02-22T20:54:49.946995" level="INFO">${name} = Blue Jeans</msg>
<var>${name}</var>
<arg>${LOC_PRODUCT_NAME}</arg>
<doc>Returns the text value of the element identified by ``locator``.</doc>
<status status="PASS" start="2026-02-22T20:54:49.926686" elapsed="0.020309"/>
</kw>
<kw name="Should Not Be Empty" owner="BuiltIn">
<msg time="2026-02-22T20:54:49.948012" level="INFO">Length is 10.</msg>
<arg>${name}</arg>
<arg>msg=Product name text is empty on detail page</arg>
<doc>Verifies that the given item is not empty.</doc>
<status status="PASS" start="2026-02-22T20:54:49.946995" elapsed="0.001017"/>
</kw>
<kw name="Log" owner="BuiltIn">
<msg time="2026-02-22T20:54:49.949359" level="INFO">Product detail page: 'Blue Jeans'</msg>
<arg>Product detail page: '${name}'</arg>
<doc>Logs the given message with the given level.</doc>
<status status="PASS" start="2026-02-22T20:54:49.949359" elapsed="0.000000"/>
</kw>
<return>
<value>${name}</value>
<status status="PASS" start="2026-02-22T20:54:49.950367" elapsed="0.000000"/>
</return>
<msg time="2026-02-22T20:54:49.950367" level="INFO">${actual_product_name} = Blue Jeans</msg>
<var>${actual_product_name}</var>
<doc>Assert product name visible and return it.</doc>
<status status="PASS" start="2026-02-22T20:54:49.898182" elapsed="0.052185"/>
</kw>
<kw name="Get Product Price" owner="product_keywords">
<kw name="Get Text" owner="SeleniumLibrary">
<msg time="2026-02-22T20:54:49.971030" level="INFO">${price} = 1.00</msg>
<var>${price}</var>
<arg>${LOC_PRODUCT_PRICE}</arg>
<doc>Returns the text value of the element identified by ``locator``.</doc>
<status status="PASS" start="2026-02-22T20:54:49.951381" elapsed="0.019649"/>
</kw>
<kw name="Should Not Be Empty" owner="BuiltIn">
<msg time="2026-02-22T20:54:49.973407" level="INFO">Length is 4.</msg>
<arg>${price}</arg>
<arg>msg=Product price is empty</arg>
<doc>Verifies that the given item is not empty.</doc>
<status status="PASS" start="2026-02-22T20:54:49.972126" elapsed="0.001281"/>
</kw>
<kw name="Log" owner="BuiltIn">
<msg time="2026-02-22T20:54:49.974411" level="INFO">Price: 1.00</msg>
<arg>Price: ${price}</arg>
<doc>Logs the given message with the given level.</doc>
<status status="PASS" start="2026-02-22T20:54:49.973407" elapsed="0.001004"/>
</kw>
<return>
<value>${price}</value>
<status status="PASS" start="2026-02-22T20:54:49.974411" elapsed="0.000000"/>
</return>
<status status="PASS" start="2026-02-22T20:54:49.951381" elapsed="0.023030"/>
</kw>
<kw name="Convert To Integer" owner="BuiltIn">
<msg time="2026-02-22T20:54:49.975428" level="INFO">${add_qty} = 1</msg>
<var>${add_qty}</var>
<arg>${add_quantity}</arg>
<doc>Converts the given item to an integer number.</doc>
<status status="PASS" start="2026-02-22T20:54:49.974411" elapsed="0.001017"/>
</kw>
<kw name="Add Product To Cart" owner="product_keywords">
<kw name="Log" owner="BuiltIn">
<msg time="2026-02-22T20:54:49.977447" level="INFO">STEP 6: ADD TO CART (qty=1)</msg>
<arg>STEP 6: ADD TO CART (qty=${quantity})</arg>
<doc>Logs the given message with the given level.</doc>
<status status="PASS" start="2026-02-22T20:54:49.976438" elapsed="0.001009"/>
</kw>
<kw name="Convert To String" owner="BuiltIn">
<msg time="2026-02-22T20:54:49.978456" level="INFO">${qty_str} = 1</msg>
<var>${qty_str}</var>
<arg>${quantity}</arg>
<doc>Converts the given item to a Unicode string.</doc>
<status status="PASS" start="2026-02-22T20:54:49.977447" elapsed="0.001009"/>
</kw>
<kw name="Run Keyword And Return Status" owner="BuiltIn">
<kw name="Element Should Be Visible" owner="SeleniumLibrary">
<msg time="2026-02-22T20:54:49.996741" level="INFO">Element 'css=input.qty-input' is displayed.</msg>
<arg>${LOC_QTY_INPUT}</arg>
<doc>Verifies that the element identified by ``locator`` is visible.</doc>
<status status="PASS" start="2026-02-22T20:54:49.979465" elapsed="0.017276"/>
</kw>
<msg time="2026-02-22T20:54:49.997780" level="INFO">${has_qty} = True</msg>
<var>${has_qty}</var>
<arg>Element Should Be Visible</arg>
<arg>${LOC_QTY_INPUT}</arg>
<doc>Runs the specified keyword and returns the status as a Boolean value.</doc>
<status status="PASS" start="2026-02-22T20:54:49.978456" elapsed="0.019324"/>
</kw>
<if>
<branch type="IF" condition="${has_qty}">
<kw name="Clear Element Text" owner="SeleniumLibrary">
<arg>${LOC_QTY_INPUT}</arg>
<doc>Clears the value of the text-input-element identified by ``locator``.</doc>
<status status="PASS" start="2026-02-22T20:54:49.997780" elapsed="0.036929"/>
</kw>
<kw name="Input Text" owner="SeleniumLibrary">
<msg time="2026-02-22T20:54:50.035719" level="INFO">Typing text '1' into text field 'css=input.qty-input'.</msg>
<arg>${LOC_QTY_INPUT}</arg>
<arg>${qty_str}</arg>
<doc>Types the given ``text`` into the text field identified by ``locator``.</doc>
<status status="PASS" start="2026-02-22T20:54:50.034709" elapsed="0.080758"/>
</kw>
<kw name="Element Attribute Value Should Be" owner="SeleniumLibrary">
<msg time="2026-02-22T20:54:50.130221" level="INFO">Element 'css=input.qty-input' attribute 'value' contains value '1'.</msg>
<arg>${LOC_QTY_INPUT}</arg>
<arg>value</arg>
<arg>${qty_str}</arg>
<doc>Verifies element identified by ``locator`` contains expected attribute value.</doc>
<status status="PASS" start="2026-02-22T20:54:50.115467" elapsed="0.014754"/>
</kw>
<status status="PASS" start="2026-02-22T20:54:49.997780" elapsed="0.132441"/>
</branch>
<status status="PASS" start="2026-02-22T20:54:49.997780" elapsed="0.133515"/>
</if>
<kw name="Click Element" owner="SeleniumLibrary">
<msg time="2026-02-22T20:54:50.131295" level="INFO">Clicking element 'xpath=//input[@value='Add to cart']'.</msg>
<arg>${LOC_ADD_TO_CART_BTN}</arg>
<doc>Click the element identified by ``locator``.</doc>
<status status="PASS" start="2026-02-22T20:54:50.131295" elapsed="0.069228"/>
</kw>
<kw name="Wait Until Element Is Visible" owner="SeleniumLibrary">
<arg>${LOC_SUCCESS_NOTIF}</arg>
<arg>timeout=${EXPLICIT_WAIT}</arg>
<arg>error=Success notification not visible after clicking Add to Cart</arg>
<doc>Waits until the element ``locator`` is visible.</doc>
<status status="PASS" start="2026-02-22T20:54:50.201520" elapsed="0.434185"/>
</kw>
<kw name="Get Text" owner="SeleniumLibrary">
<msg time="2026-02-22T20:54:50.652459" level="INFO">${notif} = The product has been added to your shopping cart</msg>
<var>${notif}</var>
<arg>${LOC_SUCCESS_NOTIF}</arg>
<doc>Returns the text value of the element identified by ``locator``.</doc>
<status status="PASS" start="2026-02-22T20:54:50.635705" elapsed="0.016754"/>
</kw>
<kw name="Should Not Be Empty" owner="BuiltIn">
<msg time="2026-02-22T20:54:50.653529" level="INFO">Length is 48.</msg>
<arg>${notif}</arg>
<arg>msg=Success notification text is empty</arg>
<doc>Verifies that the given item is not empty.</doc>
<status status="PASS" start="2026-02-22T20:54:50.653529" elapsed="0.000000"/>
</kw>
<kw name="Should Contain" owner="BuiltIn">
<arg>${notif}</arg>
<arg>cart</arg>
<arg>msg=Unexpected notification: '${notif}'</arg>
<doc>Fails if ``container`` does not contain ``item`` one or more times.</doc>
<status status="PASS" start="2026-02-22T20:54:50.653529" elapsed="0.002328"/>
</kw>
<kw name="Log" owner="BuiltIn">
<msg time="2026-02-22T20:54:50.657109" level="INFO">Added to cart. Notification: 'The product has been added to your shopping cart'</msg>
<arg>Added to cart. Notification: '${notif}'</arg>
<doc>Logs the given message with the given level.</doc>
<status status="PASS" start="2026-02-22T20:54:50.657109" elapsed="0.001237"/>
</kw>
<return>
<value>${notif}</value>
<status status="PASS" start="2026-02-22T20:54:50.658346" elapsed="0.000000"/>
</return>
<arg>${add_qty}</arg>
<doc>Set quantity, click Add to Cart, assert success notification.</doc>
<status status="PASS" start="2026-02-22T20:54:49.976438" elapsed="0.681908"/>
</kw>
<kw name="Navigate To Cart From Notification" owner="product_keywords">
<kw name="Wait Until Element Is Visible" owner="SeleniumLibrary">
<arg>${LOC_CART_NOTIF_LINK}</arg>
<arg>timeout=${EXPLICIT_WAIT}</arg>
<arg>error=Shopping cart link not visible in notification bar</arg>
<doc>Waits until the element ``locator`` is visible.</doc>
<status status="PASS" start="2026-02-22T20:54:50.659559" elapsed="0.018713"/>
</kw>
<kw name="Click Element" owner="SeleniumLibrary">
<msg time="2026-02-22T20:54:50.679311" level="INFO">Clicking element 'xpath=//a[text()='shopping cart']'.</msg>
<arg>${LOC_CART_NOTIF_LINK}</arg>
<doc>Click the element identified by ``locator``.</doc>
<status status="PASS" start="2026-02-22T20:54:50.678272" elapsed="0.868386"/>
</kw>
<kw name="Assert URL Contains" owner="common_keywords">
<kw name="Get Location" owner="SeleniumLibrary">
<msg time="2026-02-22T20:54:51.565310" level="INFO">${url} = https://demowebshop.tricentis.com/cart</msg>
<var>${url}</var>
<doc>Returns the current browser window URL.</doc>
<status status="PASS" start="2026-02-22T20:54:51.549748" elapsed="0.015562"/>
</kw>
<kw name="Should Contain" owner="BuiltIn">
<arg>${url}</arg>
<arg>${fragment}</arg>
<arg>msg=URL '${url}' does not contain expected fragment '${fragment}'</arg>
<doc>Fails if ``container`` does not contain ``item`` one or more times.</doc>
<status status="PASS" start="2026-02-22T20:54:51.565310" elapsed="0.002030"/>
</kw>
<arg>cart</arg>
<doc>Fail if current URL does not contain the expected fragment</doc>
<status status="PASS" start="2026-02-22T20:54:51.547724" elapsed="0.019616"/>
</kw>
<kw name="Log" owner="BuiltIn">
<msg time="2026-02-22T20:54:51.568353" level="INFO">Navigated to shopping cart</msg>
<arg>Navigated to shopping cart</arg>
<doc>Logs the given message with the given level.</doc>
<status status="PASS" start="2026-02-22T20:54:51.567340" elapsed="0.001013"/>
</kw>
<doc>Click the 'shopping cart' link in the success notification.</doc>
<status status="PASS" start="2026-02-22T20:54:50.658346" elapsed="0.910007"/>
</kw>
<kw name="Assert Cart Not Empty" owner="cart_keywords">
<kw name="Wait Until Element Is Visible" owner="SeleniumLibrary">
<arg>${LOC_CART_ROWS}</arg>
<arg>timeout=${EXPLICIT_WAIT}</arg>
<arg>error=Cart appears empty - no cart item rows found</arg>
<doc>Waits until the element ``locator`` is visible.</doc>
<status status="PASS" start="2026-02-22T20:54:51.569366" elapsed="0.024768"/>
</kw>
<kw name="Get Element Count" owner="SeleniumLibrary">
<msg time="2026-02-22T20:54:51.608130" level="INFO">${count} = 1</msg>
<var>${count}</var>
<arg>${LOC_CART_ROWS}</arg>
<doc>Returns the number of elements matching ``locator``.</doc>
<status status="PASS" start="2026-02-22T20:54:51.594134" elapsed="0.013996"/>
</kw>
<kw name="Should Be True" owner="BuiltIn">
<arg>${count} &gt; 0</arg>
<arg>msg=Cart row count is 0</arg>
<doc>Fails if the given condition is not true.</doc>
<status status="PASS" start="2026-02-22T20:54:51.609142" elapsed="0.001012"/>
</kw>
<kw name="Log" owner="BuiltIn">
<msg time="2026-02-22T20:54:51.611166" level="INFO">Cart has 1 item(s)</msg>
<arg>Cart has ${count} item(s)</arg>
<arg>INFO</arg>
<doc>Logs the given message with the given level.</doc>
<status status="PASS" start="2026-02-22T20:54:51.610154" elapsed="0.001012"/>
</kw>
<return>
<value>${count}</value>
<status status="PASS" start="2026-02-22T20:54:51.611166" elapsed="0.000000"/>
</return>
<status status="PASS" start="2026-02-22T20:54:51.568353" elapsed="0.042813"/>
</kw>
<kw name="Assert Product In Cart" owner="cart_keywords">
<kw name="Wait Until Element Is Visible" owner="SeleniumLibrary">
<arg>${LOC_CART_PRODUCT_NAMES}</arg>
<arg>timeout=${EXPLICIT_WAIT}</arg>
<doc>Waits until the element ``locator`` is visible.</doc>
<status status="PASS" start="2026-02-22T20:54:51.612178" elapsed="0.020884"/>
</kw>
<kw name="Get WebElements" owner="SeleniumLibrary">
<msg time="2026-02-22T20:54:51.643143" level="INFO">${elements} = [&lt;selenium.webdriver.remote.webelement.WebElement (session="938fba8cd8fa3ec99a2dc2f63a742303", element="f.C7621E321B76E8275122CD206FC499ED.d.DFC06304869CD45A21BC462245222211.e.242")&gt;]</msg>
<var>${elements}</var>
<arg>${LOC_CART_PRODUCT_NAMES}</arg>
<doc>Returns a list of WebElement objects matching the ``locator``.</doc>
<status status="PASS" start="2026-02-22T20:54:51.634098" elapsed="0.009045"/>
</kw>
<kw name="Set Variable" owner="BuiltIn">
<msg time="2026-02-22T20:54:51.644141" level="INFO">${found} = False</msg>
<var>${found}</var>
<arg>${FALSE}</arg>
<doc>Returns the given values which can then be assigned to a variables.</doc>
<status status="PASS" start="2026-02-22T20:54:51.643143" elapsed="0.000998"/>
</kw>
<for flavor="IN">
<iter>
<kw name="Get Text" owner="SeleniumLibrary">
<msg time="2026-02-22T20:54:51.654662" level="INFO">${text} = Blue Jeans</msg>
<var>${text}</var>
<arg>${el}</arg>
<doc>Returns the text value of the element identified by ``locator``.</doc>
<status status="PASS" start="2026-02-22T20:54:51.644141" elapsed="0.010521"/>
</kw>
<kw name="Convert To Lower Case" owner="String">
<msg time="2026-02-22T20:54:51.655698" level="INFO">${t_lower} = blue jeans</msg>
<var>${t_lower}</var>
<arg>${text}</arg>
<doc>Converts string to lower case.</doc>
<status status="PASS" start="2026-02-22T20:54:51.654662" elapsed="0.001036"/>
</kw>
<kw name="Convert To Lower Case" owner="String">
<msg time="2026-02-22T20:54:51.656765" level="INFO">${n_lower} = blue jeans</msg>
<var>${n_lower}</var>
<arg>${product_name}</arg>
<doc>Converts string to lower case.</doc>
<status status="PASS" start="2026-02-22T20:54:51.656765" elapsed="0.000000"/>
</kw>
<kw name="Run Keyword And Return Status" owner="BuiltIn">
<kw name="Should Contain" owner="BuiltIn">
<arg>${t_lower}</arg>
<arg>${n_lower}</arg>
<doc>Fails if ``container`` does not contain ``item`` one or more times.</doc>
<status status="PASS" start="2026-02-22T20:54:51.657769" elapsed="0.000000"/>
</kw>
<msg time="2026-02-22T20:54:51.657769" level="INFO">${match} = True</msg>
<var>${match}</var>
<arg>Should Contain</arg>
<arg>${t_lower}</arg>
<arg>${n_lower}</arg>
<doc>Runs the specified keyword and returns the status as a Boolean value.</doc>
<status status="PASS" start="2026-02-22T20:54:51.656765" elapsed="0.001004"/>
</kw>
<if>
<branch type="IF" condition="${match}">
<kw name="Set Test Variable" owner="BuiltIn">
<msg time="2026-02-22T20:54:51.658774" level="INFO">${found} = True</msg>
<arg>${found}</arg>
<arg>${TRUE}</arg>
<doc>Makes a variable available everywhere within the scope of the current test.</doc>
<status status="PASS" start="2026-02-22T20:54:51.658774" elapsed="0.000000"/>
</kw>
<status status="PASS" start="2026-02-22T20:54:51.657769" elapsed="0.001005"/>
</branch>
<status status="PASS" start="2026-02-22T20:54:51.657769" elapsed="0.001005"/>
</if>
<var name="${el}">&lt;selenium.webdriver.remote.webelement.WebElement (session="938fba8cd8fa3ec99a2dc2f63a742303", element="f.C7621E321B76E8275122CD206FC499ED.d.DFC06304869CD45A21BC462245222211.e.242")&gt;</var>
<status status="PASS" start="2026-02-22T20:54:51.644141" elapsed="0.014633"/>
</iter>
<var>${el}</var>
<value>@{elements}</value>
<status status="PASS" start="2026-02-22T20:54:51.644141" elapsed="0.014633"/>
</for>
<kw name="Should Be True" owner="BuiltIn">
<arg>${found}</arg>
<arg>msg=Product '${product_name}' not found in cart</arg>
<doc>Fails if the given condition is not true.</doc>
<status status="PASS" start="2026-02-22T20:54:51.658774" elapsed="0.001005"/>
</kw>
<kw name="Log" owner="BuiltIn">
<msg time="2026-02-22T20:54:51.659779" level="INFO">Product 'Blue Jeans' confirmed in cart</msg>
<arg>Product '${product_name}' confirmed in cart</arg>
<arg>INFO</arg>
<doc>Logs the given message with the given level.</doc>
<status status="PASS" start="2026-02-22T20:54:51.659779" elapsed="0.000000"/>
</kw>
<arg>${actual_product_name}</arg>
<status status="PASS" start="2026-02-22T20:54:51.612178" elapsed="0.048606"/>
</kw>
<kw name="Assert Cart Quantity Equals" owner="cart_keywords">
<kw name="Convert To String" owner="BuiltIn">
<msg time="2026-02-22T20:54:51.661788" level="INFO">${qty_str} = 1</msg>
<var>${qty_str}</var>
<arg>${expected}</arg>
<doc>Converts the given item to a Unicode string.</doc>
<status status="PASS" start="2026-02-22T20:54:51.660784" elapsed="0.001004"/>
</kw>
<kw name="Get Cart Item Quantity" owner="cart_keywords">
<kw name="Get WebElements" owner="SeleniumLibrary">
<msg time="2026-02-22T20:54:51.674893" level="INFO">${inputs} = [&lt;selenium.webdriver.remote.webelement.WebElement (session="938fba8cd8fa3ec99a2dc2f63a742303", element="f.C7621E321B76E8275122CD206FC499ED.d.DFC06304869CD45A21BC462245222211.e.224")&gt;]</msg>
<var>${inputs}</var>
<arg>${LOC_CART_QTY_INPUTS}</arg>
<doc>Returns a list of WebElement objects matching the ``locator``.</doc>
<status status="PASS" start="2026-02-22T20:54:51.661788" elapsed="0.013105"/>
</kw>
<kw name="Get Element Attribute" owner="SeleniumLibrary">
<msg time="2026-02-22T20:54:51.681398" level="INFO">${qty} = 1</msg>
<var>${qty}</var>
<arg>${inputs}[${index}]</arg>
<arg>value</arg>
<doc>Returns the value of ``attribute`` from the element ``locator``.</doc>
<status status="PASS" start="2026-02-22T20:54:51.675897" elapsed="0.005501"/>
</kw>
<kw name="Log" owner="BuiltIn">
<msg time="2026-02-22T20:54:51.682424" level="INFO">Qty at index 0: 1</msg>
<arg>Qty at index ${index}: ${qty}</arg>
<arg>INFO</arg>
<doc>Logs the given message with the given level.</doc>
<status status="PASS" start="2026-02-22T20:54:51.681398" elapsed="0.001026"/>
</kw>
<return>
<value>${qty}</value>
<status status="PASS" start="2026-02-22T20:54:51.682424" elapsed="0.000000"/>
</return>
<msg time="2026-02-22T20:54:51.682424" level="INFO">${actual} = 1</msg>
<var>${actual}</var>
<arg>${index}</arg>
<status status="PASS" start="2026-02-22T20:54:51.661788" elapsed="0.020636"/>
</kw>
<kw name="Should Be Equal" owner="BuiltIn">
<arg>${actual}</arg>
<arg>${qty_str}</arg>
<arg>msg=Cart qty mismatch: expected '${qty_str}', got '${actual}'</arg>
<doc>Fails if the given objects are unequal.</doc>
<status status="PASS" start="2026-02-22T20:54:51.683448" elapsed="0.000000"/>
</kw>
<kw name="Log" owner="BuiltIn">
<msg time="2026-02-22T20:54:51.684487" level="INFO">Cart qty confirmed: 1</msg>
<arg>Cart qty confirmed: ${actual}</arg>
<arg>INFO</arg>
<doc>Logs the given message with the given level.</doc>
<status status="PASS" start="2026-02-22T20:54:51.684487" elapsed="0.001012"/>
</kw>
<arg>${add_qty}</arg>
<arg>0</arg>
<status status="PASS" start="2026-02-22T20:54:51.660784" elapsed="0.024715"/>
</kw>
<kw name="Convert To Integer" owner="BuiltIn">
<msg time="2026-02-22T20:54:51.686508" level="INFO">${upd_qty} = 3</msg>
<var>${upd_qty}</var>
<arg>${updated_quantity}</arg>
<doc>Converts the given item to an integer number.</doc>
<status status="PASS" start="2026-02-22T20:54:51.685499" elapsed="0.001009"/>
</kw>
<kw name="Update Cart Quantity" owner="cart_keywords">
<kw name="Log" owner="BuiltIn">
<msg time="2026-02-22T20:54:51.690839" level="INFO">STEP 8: UPDATE QTY to 3</msg>
<arg>STEP 8: UPDATE QTY to ${new_quantity}</arg>
<arg>INFO</arg>
<doc>Logs the given message with the given level.</doc>
<status status="PASS" start="2026-02-22T20:54:51.689443" elapsed="0.001396"/>
</kw>
<kw name="Get Element Count" owner="SeleniumLibrary">
<msg time="2026-02-22T20:54:51.697638" level="INFO">${count} = 1</msg>
<var>${count}</var>
<arg>${LOC_CART_ROWS}</arg>
<doc>Returns the number of elements matching ``locator``.</doc>
<status status="PASS" start="2026-02-22T20:54:51.691851" elapsed="0.005787"/>
</kw>
<kw name="Should Be True" owner="BuiltIn">
<arg>${count} &gt; 0</arg>
<arg>msg=Cart is empty</arg>
<doc>Fails if the given condition is not true.</doc>
<status status="PASS" start="2026-02-22T20:54:51.698663" elapsed="0.000503"/>
</kw>
<kw name="Convert To String" owner="BuiltIn">
<msg time="2026-02-22T20:54:51.699166" level="INFO">${qty_str} = 3</msg>
<var>${qty_str}</var>
<arg>${new_quantity}</arg>
<doc>Converts the given item to a Unicode string.</doc>
<status status="PASS" start="2026-02-22T20:54:51.699166" elapsed="0.000000"/>
</kw>
<kw name="Get WebElements" owner="SeleniumLibrary">
<msg time="2026-02-22T20:54:51.708491" level="INFO">${inputs} = [&lt;selenium.webdriver.remote.webelement.WebElement (session="938fba8cd8fa3ec99a2dc2f63a742303", element="f.C7621E321B76E8275122CD206FC499ED.d.DFC06304869CD45A21BC462245222211.e.224")&gt;]</msg>
<var>${inputs}</var>
<arg>${LOC_CART_QTY_INPUTS}</arg>
<doc>Returns a list of WebElement objects matching the ``locator``.</doc>
<status status="PASS" start="2026-02-22T20:54:51.699166" elapsed="0.009325"/>
</kw>
<kw name="Clear Element Text" owner="SeleniumLibrary">
<arg>${inputs}[${index}]</arg>
<doc>Clears the value of the text-input-element identified by ``locator``.</doc>
<status status="PASS" start="2026-02-22T20:54:51.709507" elapsed="0.036790"/>
</kw>
<kw name="Input Text" owner="SeleniumLibrary">
<msg time="2026-02-22T20:54:51.747723" level="INFO">Typing text '3' into text field '&lt;selenium.webdriver.remote.webelement.WebElement (session="938fba8cd8fa3ec99a2dc2f63a742303", element="f.C7621E321B76E8275122CD206FC499ED.d.DFC06304869CD45A21BC462245222211.e.224")&gt;'.</msg>
<arg>${inputs}[${index}]</arg>
<arg>${qty_str}</arg>
<doc>Types the given ``text`` into the text field identified by ``locator``.</doc>
<status status="PASS" start="2026-02-22T20:54:51.746297" elapsed="0.083395"/>
</kw>
<kw name="Element Attribute Value Should Be" owner="SeleniumLibrary">
<msg time="2026-02-22T20:54:51.839571" level="INFO">Element '&lt;selenium.webdriver.remote.webelement.WebElement (session="938fba8cd8fa3ec99a2dc2f63a742303", element="f.C7621E321B76E8275122CD206FC499ED.d.DFC06304869CD45A21BC462245222211.e.224")&gt;' attribute 'value' contains value '3'.</msg>
<arg>${inputs}[${index}]</arg>
<arg>value</arg>
<arg>${qty_str}</arg>
<doc>Verifies element identified by ``locator`` contains expected attribute value.</doc>
[...]
<doc>Fails if the given objects are unequal.</doc>
<status status="PASS" start="2026-02-22T20:59:07.587159" elapsed="0.002021"/>
</kw>
<kw name="Log" owner="BuiltIn">
<msg time="2026-02-22T20:59:07.590187" level="INFO">Cart qty confirmed: 1</msg>
<arg>Cart qty confirmed: ${actual}</arg>
<arg>INFO</arg>
<doc>Logs the given message with the given level.</doc>
<status status="PASS" start="2026-02-22T20:59:07.589180" elapsed="0.001007"/>
</kw>
<arg>${add_qty}</arg>
<arg>0</arg>
<status status="PASS" start="2026-02-22T20:59:07.557233" elapsed="0.032954"/>
</kw>
<kw name="Convert To Integer" owner="BuiltIn">
<msg time="2026-02-22T20:59:07.591200" level="INFO">${upd_qty} = 2</msg>
<var>${upd_qty}</var>
<arg>${updated_quantity}</arg>
<doc>Converts the given item to an integer number.</doc>
<status status="PASS" start="2026-02-22T20:59:07.590187" elapsed="0.001013"/>
</kw>
<kw name="Update Cart Quantity" owner="cart_keywords">
<kw name="Log" owner="BuiltIn">
<msg time="2026-02-22T20:59:07.594240" level="INFO">STEP 8: UPDATE QTY to 2</msg>
<arg>STEP 8: UPDATE QTY to ${new_quantity}</arg>
<arg>INFO</arg>
<doc>Logs the given message with the given level.</doc>
<status status="PASS" start="2026-02-22T20:59:07.593227" elapsed="0.001013"/>
</kw>
<kw name="Get Element Count" owner="SeleniumLibrary">
<msg time="2026-02-22T20:59:07.609760" level="INFO">${count} = 1</msg>
<var>${count}</var>
<arg>${LOC_CART_ROWS}</arg>
<doc>Returns the number of elements matching ``locator``.</doc>
<status status="PASS" start="2026-02-22T20:59:07.594240" elapsed="0.015520"/>
</kw>
<kw name="Should Be True" owner="BuiltIn">
<arg>${count} &gt; 0</arg>
<arg>msg=Cart is empty</arg>
<doc>Fails if the given condition is not true.</doc>
<status status="PASS" start="2026-02-22T20:59:07.610773" elapsed="0.000980"/>
</kw>
<kw name="Convert To String" owner="BuiltIn">
<msg time="2026-02-22T20:59:07.617002" level="INFO">${qty_str} = 2</msg>
<var>${qty_str}</var>
<arg>${new_quantity}</arg>
<doc>Converts the given item to a Unicode string.</doc>
<status status="PASS" start="2026-02-22T20:59:07.612751" elapsed="0.004251"/>
</kw>
<kw name="Get WebElements" owner="SeleniumLibrary">
<msg time="2026-02-22T20:59:07.625482" level="INFO">${inputs} = [&lt;selenium.webdriver.remote.webelement.WebElement (session="acd8a13770300fd84aa9a4a1ebc96deb", element="f.9BAC6C091D26070B2E81844F70972C95.d.FFDEBBFE3DDA8676F84DAEFD736AC400.e.218")&gt;]</msg>
<var>${inputs}</var>
<arg>${LOC_CART_QTY_INPUTS}</arg>
<doc>Returns a list of WebElement objects matching the ``locator``.</doc>
<status status="PASS" start="2026-02-22T20:59:07.617002" elapsed="0.008480"/>
</kw>
<kw name="Clear Element Text" owner="SeleniumLibrary">
<arg>${inputs}[${index}]</arg>
<doc>Clears the value of the text-input-element identified by ``locator``.</doc>
<status status="PASS" start="2026-02-22T20:59:07.626508" elapsed="0.044590"/>
</kw>
<kw name="Input Text" owner="SeleniumLibrary">
<msg time="2026-02-22T20:59:07.672172" level="INFO">Typing text '2' into text field '&lt;selenium.webdriver.remote.webelement.WebElement (session="acd8a13770300fd84aa9a4a1ebc96deb", element="f.9BAC6C091D26070B2E81844F70972C95.d.FFDEBBFE3DDA8676F84DAEFD736AC400.e.218")&gt;'.</msg>
<arg>${inputs}[${index}]</arg>
<arg>${qty_str}</arg>
<doc>Types the given ``text`` into the text field identified by ``locator``.</doc>
<status status="PASS" start="2026-02-22T20:59:07.671098" elapsed="0.073965"/>
</kw>
<kw name="Element Attribute Value Should Be" owner="SeleniumLibrary">
<msg time="2026-02-22T20:59:07.754407" level="INFO">Element '&lt;selenium.webdriver.remote.webelement.WebElement (session="acd8a13770300fd84aa9a4a1ebc96deb", element="f.9BAC6C091D26070B2E81844F70972C95.d.FFDEBBFE3DDA8676F84DAEFD736AC400.e.218")&gt;' attribute 'value' contains value '2'.</msg>
<arg>${inputs}[${index}]</arg>
<arg>value</arg>
<arg>${qty_str}</arg>
<doc>Verifies element identified by ``locator`` contains expected attribute value.</doc>
<status status="PASS" start="2026-02-22T20:59:07.745063" elapsed="0.009344"/>
</kw>
<kw name="Click Element" owner="SeleniumLibrary">
<msg time="2026-02-22T20:59:07.755727" level="INFO">Clicking element 'xpath=//input[@name='updatecart']'.</msg>
<arg>${LOC_UPDATE_CART_BTN}</arg>
<doc>Click the element identified by ``locator``.</doc>
<status status="PASS" start="2026-02-22T20:59:07.755727" elapsed="0.683941"/>
</kw>
<kw name="Wait Until Element Is Visible" owner="SeleniumLibrary">
<arg>${LOC_CART_QTY_INPUTS}</arg>
<arg>timeout=10</arg>
<doc>Waits until the element ``locator`` is visible.</doc>
<status status="PASS" start="2026-02-22T20:59:08.439668" elapsed="0.018966"/>
</kw>
<kw name="Assert Cart Quantity Equals" owner="cart_keywords">
<kw name="Convert To String" owner="BuiltIn">
<msg time="2026-02-22T20:59:08.461657" level="INFO">${qty_str} = 2</msg>
<var>${qty_str}</var>
<arg>${expected}</arg>
<doc>Converts the given item to a Unicode string.</doc>
<status status="PASS" start="2026-02-22T20:59:08.460660" elapsed="0.000997"/>
</kw>
<kw name="Get Cart Item Quantity" owner="cart_keywords">
<kw name="Get WebElements" owner="SeleniumLibrary">
<msg time="2026-02-22T20:59:08.475000" level="INFO">${inputs} = [&lt;selenium.webdriver.remote.webelement.WebElement (session="acd8a13770300fd84aa9a4a1ebc96deb", element="f.9BAC6C091D26070B2E81844F70972C95.d.6F039A8E023E189C3344F44950274596.e.247")&gt;]</msg>
<var>${inputs}</var>
<arg>${LOC_CART_QTY_INPUTS}</arg>
<doc>Returns a list of WebElement objects matching the ``locator``.</doc>
<status status="PASS" start="2026-02-22T20:59:08.467158" elapsed="0.007842"/>
</kw>
<kw name="Get Element Attribute" owner="SeleniumLibrary">
<msg time="2026-02-22T20:59:08.485876" level="INFO">${qty} = 2</msg>
<var>${qty}</var>
<arg>${inputs}[${index}]</arg>
<arg>value</arg>
<doc>Returns the value of ``attribute`` from the element ``locator``.</doc>
<status status="PASS" start="2026-02-22T20:59:08.476078" elapsed="0.009798"/>
</kw>
<kw name="Log" owner="BuiltIn">
<msg time="2026-02-22T20:59:08.487072" level="INFO">Qty at index 0: 2</msg>
<arg>Qty at index ${index}: ${qty}</arg>
<arg>INFO</arg>
<doc>Logs the given message with the given level.</doc>
<status status="PASS" start="2026-02-22T20:59:08.485876" elapsed="0.001196"/>
</kw>
<return>
<value>${qty}</value>
<status status="PASS" start="2026-02-22T20:59:08.487072" elapsed="0.000000"/>
</return>
<msg time="2026-02-22T20:59:08.488083" level="INFO">${actual} = 2</msg>
<var>${actual}</var>
<arg>${index}</arg>
<status status="PASS" start="2026-02-22T20:59:08.462653" elapsed="0.025430"/>
</kw>
<kw name="Should Be Equal" owner="BuiltIn">
<arg>${actual}</arg>
<arg>${qty_str}</arg>
<arg>msg=Cart qty mismatch: expected '${qty_str}', got '${actual}'</arg>
<doc>Fails if the given objects are unequal.</doc>
<status status="PASS" start="2026-02-22T20:59:08.488083" elapsed="0.001061"/>
</kw>
<kw name="Log" owner="BuiltIn">
<msg time="2026-02-22T20:59:08.491076" level="INFO">Cart qty confirmed: 2</msg>
<arg>Cart qty confirmed: ${actual}</arg>
<arg>INFO</arg>
<doc>Logs the given message with the given level.</doc>
<status status="PASS" start="2026-02-22T20:59:08.490035" elapsed="0.001041"/>
</kw>
<arg>${new_quantity}</arg>
<arg>${index}</arg>
<status status="PASS" start="2026-02-22T20:59:08.459688" elapsed="0.031388"/>
</kw>
<kw name="Log" owner="BuiltIn">
<msg time="2026-02-22T20:59:08.492089" level="INFO">Quantity updated and verified: 2</msg>
<arg>Quantity updated and verified: ${new_quantity}</arg>
<arg>INFO</arg>
<doc>Logs the given message with the given level.</doc>
<status status="PASS" start="2026-02-22T20:59:08.491076" elapsed="0.001013"/>
</kw>
<arg>${upd_qty}</arg>
<arg>0</arg>
<status status="PASS" start="2026-02-22T20:59:07.592214" elapsed="0.900888"/>
</kw>
<kw name="Remove Item From Cart" owner="cart_keywords">
<kw name="Log" owner="BuiltIn">
<msg time="2026-02-22T20:59:08.495124" level="INFO">STEP 9: REMOVE ITEM</msg>
<arg>STEP 9: REMOVE ITEM</arg>
<arg>INFO</arg>
<doc>Logs the given message with the given level.</doc>
<status status="PASS" start="2026-02-22T20:59:08.494113" elapsed="0.001011"/>
</kw>
<kw name="Get Element Count" owner="SeleniumLibrary">
<msg time="2026-02-22T20:59:08.504654" level="INFO">${count_before} = 1</msg>
<var>${count_before}</var>
<arg>${LOC_CART_ROWS}</arg>
<doc>Returns the number of elements matching ``locator``.</doc>
<status status="PASS" start="2026-02-22T20:59:08.495124" elapsed="0.009530"/>
</kw>
<kw name="Should Be True" owner="BuiltIn">
<arg>${count_before} &gt; 0</arg>
<arg>msg=Cart is empty</arg>
<doc>Fails if the given condition is not true.</doc>
<status status="PASS" start="2026-02-22T20:59:08.504654" elapsed="0.001048"/>
</kw>
<kw name="Get WebElements" owner="SeleniumLibrary">
<msg time="2026-02-22T20:59:08.518909" level="INFO">${checkboxes} = [&lt;selenium.webdriver.remote.webelement.WebElement (session="acd8a13770300fd84aa9a4a1ebc96deb", element="f.9BAC6C091D26070B2E81844F70972C95.d.6F039A8E023E189C3344F44950274596.e.246")&gt;]</msg>
<var>${checkboxes}</var>
<arg>${LOC_CART_REMOVE_CHECKS}</arg>
<doc>Returns a list of WebElement objects matching the ``locator``.</doc>
<status status="PASS" start="2026-02-22T20:59:08.505702" elapsed="0.013207"/>
</kw>
<kw name="Click Element" owner="SeleniumLibrary">
<msg time="2026-02-22T20:59:08.518909" level="INFO">Clicking element '&lt;selenium.webdriver.remote.webelement.WebElement (session="acd8a13770300fd84aa9a4a1ebc96deb", element="f.9BAC6C091D26070B2E81844F70972C95.d.6F039A8E023E189C3344F44950274596.e.246")&gt;'.</msg>
<arg>${checkboxes}[${index}]</arg>
<doc>Click the element identified by ``locator``.</doc>
<status status="PASS" start="2026-02-22T20:59:08.518909" elapsed="0.057169"/>
</kw>
<kw name="Log" owner="BuiltIn">
<msg time="2026-02-22T20:59:08.577557" level="INFO">Remove checkbox checked at index 0</msg>
<arg>Remove checkbox checked at index ${index}</arg>
<arg>INFO</arg>
<doc>Logs the given message with the given level.</doc>
<status status="PASS" start="2026-02-22T20:59:08.577557" elapsed="0.000000"/>
</kw>
<kw name="Click Element" owner="SeleniumLibrary">
<msg time="2026-02-22T20:59:08.578583" level="INFO">Clicking element 'xpath=//input[@name='updatecart']'.</msg>
<arg>${LOC_UPDATE_CART_BTN}</arg>
<doc>Click the element identified by ``locator``.</doc>
<status status="PASS" start="2026-02-22T20:59:08.577557" elapsed="0.451253"/>
</kw>
<kw name="Sleep" owner="BuiltIn">
<msg time="2026-02-22T20:59:11.044586" level="INFO">Slept 2 seconds.</msg>
<arg>2s</arg>
<doc>Pauses the test executed for the given time.</doc>
<status status="PASS" start="2026-02-22T20:59:09.030803" elapsed="2.013783"/>
</kw>
<kw name="Run Keyword And Return Status" owner="BuiltIn">
<kw name="Element Should Be Visible" owner="SeleniumLibrary">
<msg time="2026-02-22T20:59:21.220159" level="INFO" html="true">&lt;/td&gt;&lt;/tr&gt;&lt;tr&gt;&lt;td colspan="3"&gt;&lt;a href="selenium-screenshot-7.png"&gt;&lt;img src="selenium-screenshot-7.png" width="800px"&gt;&lt;/a&gt;</msg>
<msg time="2026-02-22T20:59:21.220826" level="FAIL">Element with locator 'xpath=//div[contains(@class,'order-summary-content')]//p[contains(text(),'cart is empty') or contains(text(),'shopping cart is empty')]' not found.</msg>
<arg>${LOC_CART_EMPTY_MSG}</arg>
<doc>Verifies that the element identified by ``locator`` is visible.</doc>
<status status="FAIL" start="2026-02-22T20:59:11.047637" elapsed="10.174363">Element with locator 'xpath=//div[contains(@class,'order-summary-content')]//p[contains(text(),'cart is empty') or contains(text(),'shopping cart is empty')]' not found.</status>
</kw>
<msg time="2026-02-22T20:59:21.222000" level="INFO">${empty_msg_shown} = False</msg>
<var>${empty_msg_shown}</var>
<arg>Element Should Be Visible</arg>
<arg>${LOC_CART_EMPTY_MSG}</arg>
<doc>Runs the specified keyword and returns the status as a Boolean value.</doc>
<status status="PASS" start="2026-02-22T20:59:11.046575" elapsed="10.175425"/>
</kw>
<kw name="Get Element Count" owner="SeleniumLibrary">
<msg time="2026-02-22T20:59:31.283808" level="INFO">${rows_remaining} = 0</msg>
<var>${rows_remaining}</var>
<arg>${LOC_CART_ROWS}</arg>
<doc>Returns the number of elements matching ``locator``.</doc>
<status status="PASS" start="2026-02-22T20:59:21.222000" elapsed="10.061808"/>
</kw>
<kw name="Evaluate" owner="BuiltIn">
<msg time="2026-02-22T20:59:31.286025" level="INFO">${is_empty} = True</msg>
<var>${is_empty}</var>
<arg>${empty_msg_shown} or ${rows_remaining} == 0</arg>
<doc>Evaluates the given expression in Python and returns the result.</doc>
<status status="PASS" start="2026-02-22T20:59:31.283808" elapsed="0.002217"/>
</kw>
<kw name="Should Be True" owner="BuiltIn">
<arg>${is_empty}</arg>
<arg>msg=Cart did not empty after removing item</arg>
<doc>Fails if the given condition is not true.</doc>
<status status="PASS" start="2026-02-22T20:59:31.286025" elapsed="0.001034"/>
</kw>
<kw name="Log" owner="BuiltIn">
<msg time="2026-02-22T20:59:31.288073" level="INFO">Item removed. Cart: 1 to 0</msg>
<arg>Item removed. Cart: ${count_before} to ${rows_remaining}</arg>
<arg>INFO</arg>
<doc>Logs the given message with the given level.</doc>
<status status="PASS" start="2026-02-22T20:59:31.288073" elapsed="0.001013"/>
</kw>
<kw name="Log" owner="BuiltIn">
<msg time="2026-02-22T20:59:31.290257" level="INFO">Cart is now empty</msg>
<arg>Cart is now empty</arg>
<arg>INFO</arg>
<doc>Logs the given message with the given level.</doc>
<status status="PASS" start="2026-02-22T20:59:31.289086" elapsed="0.001171"/>
</kw>
<return>
<value>${rows_remaining}</value>
<status status="PASS" start="2026-02-22T20:59:31.290257" elapsed="0.000000"/>
</return>
<msg time="2026-02-22T20:59:31.290257" level="INFO">${remaining} = 0</msg>
<var>${remaining}</var>
<arg>0</arg>
<status status="PASS" start="2026-02-22T20:59:08.493102" elapsed="22.797155"/>
</kw>
<kw name="Should Be Equal As Integers" owner="BuiltIn">
<msg time="2026-02-22T20:59:31.292284" level="INFO">Argument types are:
&lt;class 'int'&gt;
&lt;class 'str'&gt;</msg>
<arg>${remaining}</arg>
<arg>0</arg>
<arg>msg=Expected 0 items after removal, got ${remaining}</arg>
<doc>Fails if objects are unequal after converting them to integers.</doc>
<status status="PASS" start="2026-02-22T20:59:31.291270" elapsed="0.001014"/>
</kw>
<kw name="Logout User" owner="login_keywords">
<kw name="Log" owner="BuiltIn">
<msg time="2026-02-22T20:59:31.295381" level="INFO">STEP 10: LOGOUT</msg>
<arg>STEP 10: LOGOUT</arg>
<arg>INFO</arg>
<doc>Logs the given message with the given level.</doc>
<status status="PASS" start="2026-02-22T20:59:31.294367" elapsed="0.001014"/>
</kw>
<kw name="Run Keyword And Return Status" owner="BuiltIn">
<kw name="Element Should Be Visible" owner="SeleniumLibrary">
<msg time="2026-02-22T20:59:31.316279" level="INFO">Element 'css=a.account' is displayed.</msg>
<arg>${LOC_ACCOUNT_LINK}</arg>
<doc>Verifies that the element identified by ``locator`` is visible.</doc>
<status status="PASS" start="2026-02-22T20:59:31.296393" elapsed="0.019886"/>
</kw>
<msg time="2026-02-22T20:59:31.316279" level="INFO">${is_logged_in} = True</msg>
<var>${is_logged_in}</var>
<arg>Element Should Be Visible</arg>
<arg>${LOC_ACCOUNT_LINK}</arg>
<doc>Runs the specified keyword and returns the status as a Boolean value.</doc>
<status status="PASS" start="2026-02-22T20:59:31.295381" elapsed="0.020898"/>
</kw>
<if>
<branch type="IF" condition="not ${is_logged_in}">
<kw name="Log" owner="BuiltIn">
<arg>No active session found — skipping logout</arg>
<arg>WARN</arg>
<doc>Logs the given message with the given level.</doc>
<status status="NOT RUN" start="2026-02-22T20:59:31.317405" elapsed="0.000000"/>
</kw>
<return>
<status status="NOT RUN" start="2026-02-22T20:59:31.317405" elapsed="0.000000"/>
</return>
<status status="NOT RUN" start="2026-02-22T20:59:31.317405" elapsed="0.000000"/>
</branch>
<status status="PASS" start="2026-02-22T20:59:31.316279" elapsed="0.002121"/>
</if>
<kw name="Go To" owner="SeleniumLibrary">
<msg time="2026-02-22T20:59:31.318400" level="INFO">Opening url 'https://demowebshop.tricentis.com/logout'</msg>
<arg>${BASE_URL}/logout</arg>
<doc>Navigates the current browser window to the provided ``url``.</doc>
<status status="PASS" start="2026-02-22T20:59:31.318400" elapsed="1.881248"/>
</kw>
<kw name="Sleep" owner="BuiltIn">
<msg time="2026-02-22T20:59:34.202125" level="INFO">Slept 1 second.</msg>
<arg>1s</arg>
<doc>Pauses the test executed for the given time.</doc>
<status status="PASS" start="2026-02-22T20:59:33.200646" elapsed="1.001479"/>
</kw>
<kw name="Log" owner="BuiltIn">
<msg time="2026-02-22T20:59:34.205656" level="INFO">Logout successful</msg>
<arg>Logout successful</arg>
<arg>INFO</arg>
<doc>Logs the given message with the given level.</doc>
<status status="PASS" start="2026-02-22T20:59:34.203120" elapsed="0.002536"/>
</kw>
<doc>Logout via direct /logout URL.</doc>
<status status="PASS" start="2026-02-22T20:59:31.293352" elapsed="2.912304"/>
</kw>
<arg>${first_name}</arg>
<arg>${last_name}</arg>
<arg>${email}</arg>
<arg>${password}</arg>
<arg>${gender}</arg>
<arg>${product_search}</arg>
<arg>${product_name}</arg>
<arg>${add_quantity}</arg>
<arg>${updated_quantity}</arg>
<status status="PASS" start="2026-02-22T20:58:31.420171" elapsed="62.785485"/>
</kw>
<arg>4</arg>
<status status="PASS" start="2026-02-22T20:58:31.411039" elapsed="62.795666"/>
</kw>
<kw name="Run Keyword And Ignore Error" owner="BuiltIn" type="TEARDOWN">
<kw name="Close Browser Session" owner="common_keywords">
<kw name="Close Browser" owner="SeleniumLibrary">
<doc>Closes the current browser.</doc>
<status status="PASS" start="2026-02-22T20:59:34.213236" elapsed="2.669313"/>
</kw>
<kw name="Log" owner="BuiltIn">
<msg time="2026-02-22T20:59:36.883558" level="INFO">Browser session closed</msg>
<arg>Browser session closed</arg>
<doc>Logs the given message with the given level.</doc>
<status status="PASS" start="2026-02-22T20:59:36.882549" elapsed="0.001009"/>
</kw>
<doc>Close the browser</doc>
<status status="PASS" start="2026-02-22T20:59:34.212095" elapsed="2.672565"/>
</kw>
<arg>Close Browser Session</arg>
<doc>Runs the given keyword with the given arguments and ignores possible error.</doc>
<status status="PASS" start="2026-02-22T20:59:34.209796" elapsed="2.674864"/>
</kw>
<status status="PASS" start="2026-02-22T20:58:31.408912" elapsed="65.476822"/>
</test>
<kw name="Close All Browsers" owner="SeleniumLibrary" type="TEARDOWN">
<doc>Closes all open browsers and resets the browser cache.</doc>
<status status="PASS" start="2026-02-22T20:59:36.901647" elapsed="0.000000"/>
</kw>
<doc>End To End Full Flow Suite – demowebshop.tricentis.com</doc>
<status status="PASS" start="2026-02-22T20:54:15.586756" elapsed="321.316042"/>
</suite>
<statistics>
<total>
<stat pass="5" fail="0" skip="0">All Tests</stat>
</total>
<tag>
</tag>
<suite>
<stat name="test All" id="s1" pass="5" fail="0" skip="0">test All</stat>
</suite>
</statistics>
<errors>
<msg time="2026-02-22T20:54:16.007652" level="WARN">Error in file 'D:\Wipro Training\Capstone_Project\Selenium_Robot\keywords\login_keywords.robot' on line 2: Suite 'test All' has already imported library 'SeleniumLibrary' with different arguments. This import is ignored.</msg>
<msg time="2026-02-22T20:54:26.726683" level="WARN">WARNING: Email already registered: sana05@mailtest.com — will proceed to login</msg>
<msg time="2026-02-22T20:55:34.147722" level="WARN">WARNING: Email already registered: pavani05@mailtest.com — will proceed to login</msg>
<msg time="2026-02-22T20:56:37.501902" level="WARN">WARNING: Email already registered: amulya05@mailtest.com — will proceed to login</msg>
<msg time="2026-02-22T20:57:39.582905" level="WARN">WARNING: Email already registered: rohit05@mailtest.com — will proceed to login</msg>
<msg time="2026-02-22T20:58:43.025583" level="WARN">WARNING: Email already registered: bhargav05@mailtest.com — will proceed to login</msg>
</errors>
</robot>
