<?xml version="1.0" encoding="UTF-8"?>
<robot generator="Robot 7.4.1 (Python 3.10.11 on win32)" generated="2026-01-29T17:45:18.353073" rpa="false" schemaversion="5">
<suite id="s1" name="PQ 2" source="D:\Wipro Training\RobotFW\PQ_2.robot">
<test id="s1-t1" name="Verify Automation Setup" line="6">
<kw name="Verify Python">
<kw name="Evaluate" owner="BuiltIn">
<msg time="2026-01-29T17:45:18.742117" level="INFO">${version} = 3.10.11 (tags/v3.10.11:7d4cc5a, Apr  5 2023, 00:38:17) [MSC v.1929 64 bit (AMD64)]</msg>
<var>${version}</var>
<arg>sys.version</arg>
<arg>modules=sys</arg>
<doc>Evaluates the given expression in Python and returns the result.</doc>
<status status="PASS" start="2026-01-29T17:45:18.741611" elapsed="0.000506"/>
</kw>
<kw name="Run Keyword If" owner="BuiltIn">
<arg>'${version}' == ''</arg>
<arg>Fail</arg>
<arg>Python is not installed</arg>
<doc>Runs the given keyword with the given arguments, if ``condition`` is true.</doc>
<status status="PASS" start="2026-01-29T17:45:18.742117" elapsed="0.003110"/>
</kw>
<kw name="Log" owner="BuiltIn">
<msg time="2026-01-29T17:45:18.745227" level="INFO">Python version: 3.10.11 (tags/v3.10.11:7d4cc5a, Apr  5 2023, 00:38:17) [MSC v.1929 64 bit (AMD64)]</msg>
<arg>Python version: ${version}</arg>
<doc>Logs the given message with the given level.</doc>
<status status="PASS" start="2026-01-29T17:45:18.745227" elapsed="0.000000"/>
</kw>
<kw name="Log To Console" owner="BuiltIn">
<arg>Python: ${version}</arg>
<doc>Logs the given message to the console.</doc>
<status status="PASS" start="2026-01-29T17:45:18.745227" elapsed="0.000000"/>
</kw>
<status status="PASS" start="2026-01-29T17:45:18.733243" elapsed="0.011984"/>
</kw>
<kw name="Verify Robot">
<kw name="Evaluate" owner="BuiltIn">
<msg time="2026-01-29T17:45:18.750082" level="INFO">${version} = 7.4.1</msg>
<var>${version}</var>
<arg>__import__('robot').__version__</arg>
<doc>Evaluates the given expression in Python and returns the result.</doc>
<status status="PASS" start="2026-01-29T17:45:18.748208" elapsed="0.002997"/>
</kw>
<kw name="Run Keyword If" owner="BuiltIn">
<arg>'${version}' == ''</arg>
<arg>Fail</arg>
<arg>Robot Framework not installed</arg>
<doc>Runs the given keyword with the given arguments, if ``condition`` is true.</doc>
<status status="PASS" start="2026-01-29T17:45:18.751205" elapsed="0.002840"/>
</kw>
<kw name="Log" owner="BuiltIn">
<msg time="2026-01-29T17:45:18.754045" level="INFO">Robot Framework version: 7.4.1</msg>
<arg>Robot Framework version: ${version}</arg>
<doc>Logs the given message with the given level.</doc>
<status status="PASS" start="2026-01-29T17:45:18.754045" elapsed="0.000000"/>
</kw>
<kw name="Log To Console" owner="BuiltIn">
<arg>Robot Framework: ${version}</arg>
<doc>Logs the given message to the console.</doc>
<status status="PASS" start="2026-01-29T17:45:18.754045" elapsed="0.000000"/>
</kw>
<status status="PASS" start="2026-01-29T17:45:18.748208" elapsed="0.013098"/>
</kw>
<kw name="Verify Selenium">
<kw name="Evaluate" owner="BuiltIn">
<msg time="2026-01-29T17:45:18.779174" level="INFO">${version} = 6.8.0</msg>
<var>${version}</var>
<arg>__import__('importlib.metadata', fromlist=['']).version('robotframework-seleniumlibrary')</arg>
<doc>Evaluates the given expression in Python and returns the result.</doc>
<status status="PASS" start="2026-01-29T17:45:18.765704" elapsed="0.016706"/>
</kw>
<kw name="Run Keyword If" owner="BuiltIn">
<arg>'${version}' == ''</arg>
<arg>Fail</arg>
<arg>SeleniumLibrary not installed</arg>
<doc>Runs the given keyword with the given arguments, if ``condition`` is true.</doc>
<status status="PASS" start="2026-01-29T17:45:18.782410" elapsed="0.005202"/>
</kw>
<kw name="Log" owner="BuiltIn">
<msg time="2026-01-29T17:45:18.789624" level="INFO">SeleniumLibrary version: 6.8.0</msg>
<arg>SeleniumLibrary version: ${version}</arg>
<doc>Logs the given message with the given level.</doc>
<status status="PASS" start="2026-01-29T17:45:18.787612" elapsed="0.002012"/>
</kw>
<kw name="Log To Console" owner="BuiltIn">
<arg>SeleniumLibrary: ${version}</arg>
<doc>Logs the given message to the console.</doc>
<status status="PASS" start="2026-01-29T17:45:18.791370" elapsed="0.001009"/>
</kw>
<status status="PASS" start="2026-01-29T17:45:18.763347" elapsed="0.029032"/>
</kw>
<kw name="Log" owner="BuiltIn">
<msg time="2026-01-29T17:45:18.794555" level="INFO">All dependencies are ready</msg>
<arg>All dependencies are ready</arg>
<doc>Logs the given message with the given level.</doc>
<status status="PASS" start="2026-01-29T17:45:18.794020" elapsed="0.000535"/>
</kw>
<status status="PASS" start="2026-01-29T17:45:18.733243" elapsed="0.061312"/>
</test>
<status status="PASS" start="2026-01-29T17:45:18.353073" elapsed="0.441482"/>
</suite>
<statistics>
<total>
<stat pass="1" fail="0" skip="0">All Tests</stat>
</total>
<tag>
</tag>
<suite>
<stat name="PQ 2" id="s1" pass="1" fail="0" skip="0">PQ 2</stat>
</suite>
</statistics>
<errors>
</errors>
</robot>
