<?xml version="1.0" encoding="UTF-8"?>
<robot generator="Robot 7.4.1 (Python 3.10.11 on win32)" generated="2026-01-30T18:19:50.589818" rpa="false" schemaversion="5">
<suite id="s1" name="PQ 2" source="D:\Wipro Training\TrainingDay13\PracticeQuesDay13\PQ_2.robot">
<test id="s1-t1" name="DDExcel_Login" line="13">
<status status="FAIL" start="2026-01-30T18:19:50.960145" elapsed="0.002991">Test cannot be empty.</status>
</test>
<status status="FAIL" start="2026-01-30T18:19:50.592012" elapsed="0.372646"/>
</suite>
<statistics>
<total>
<stat pass="0" fail="1" skip="0">All Tests</stat>
</total>
<tag>
</tag>
<suite>
<stat name="PQ 2" id="s1" pass="0" fail="1" skip="0">PQ 2</stat>
</suite>
</statistics>
<errors>
<msg time="2026-01-30T18:19:50.952963" level="ERROR">[ DataDriver ] Error in robot file:
  File "D:\Wipro Training\TrainingDay13\PracticeQuesDay13\PQ_2.robot", line 0</msg>
<msg time="2026-01-30T18:19:50.954471" level="ERROR">In source file:
  File "testdata.csv", line 0</msg>
<msg time="2026-01-30T18:19:50.959148" level="ERROR">Calling method '_start_suite' of listener 'DataDriver' failed: ValueError: Unassigned requiered argument detected: ${username}.</msg>
</errors>
</robot>
