<?xml version="1.0" encoding="UTF-8"?>
<robot generator="Robot 7.4.1 (Python 3.10.11 on win32)" generated="2026-01-30T12:46:55.805014" rpa="false" schemaversion="5">
<suite id="s1" name="DDExcel Login" source="D:\Wipro Training\TrainingDay13\TopicsDoneDay13\DDExcel_Login.robot">
<test id="s1-t1" name="DDExcel_Login" line="14">
<kw name="Open OrangeHRM" type="SETUP">
<kw name="Open Browser" owner="SeleniumLibrary">
<msg time="2026-01-30T12:46:59.683446" level="INFO">Opening browser 'firefox' to base url 'https://opensource-demo.orangehrmlive.com/web/index.php/auth/login'.</msg>
<arg>${URL}</arg>
<arg>${BROWSER}</arg>
<doc>Opens a new browser instance to the optional ``url``.</doc>
<status status="PASS" start="2026-01-30T12:46:59.682875" elapsed="26.166079"/>
</kw>
<kw name="Maximize Browser Window" owner="SeleniumLibrary">
<doc>Maximizes current browser window.</doc>
<status status="PASS" start="2026-01-30T12:47:26.007257" elapsed="0.523996"/>
</kw>
<kw name="Wait Until Element Is Visible" owner="SeleniumLibrary">
<arg>name=username</arg>
<arg>10s</arg>
<doc>Waits until the element ``locator`` is visible.</doc>
<status status="PASS" start="2026-01-30T12:47:26.539520" elapsed="2.365539"/>
</kw>
<status status="PASS" start="2026-01-30T12:46:59.677373" elapsed="29.232658"/>
</kw>
<kw name="OrangeHRM Login With Excel">
<kw name="Log" owner="BuiltIn">
<msg time="2026-01-30T12:47:29.188105" level="INFO">Running with: Admin | admin123</msg>
<arg>Running with: ${username} | ${password}</arg>
<doc>Logs the given message with the given level.</doc>
<status status="PASS" start="2026-01-30T12:47:29.055983" elapsed="0.132122"/>
</kw>
<kw name="Input Text" owner="SeleniumLibrary">
<msg time="2026-01-30T12:47:29.215029" level="INFO">Typing text 'Admin' into text field 'name=username'.</msg>
<arg>name=username</arg>
<arg>${username}</arg>
<doc>Types the given ``text`` into the text field identified by ``locator``.</doc>
<status status="PASS" start="2026-01-30T12:47:29.203495" elapsed="0.169814"/>
</kw>
<kw name="Input Text" owner="SeleniumLibrary">
<msg time="2026-01-30T12:47:29.377325" level="INFO">Typing text 'admin123' into text field 'name=password'.</msg>
<arg>name=password</arg>
<arg>${password}</arg>
<doc>Types the given ``text`` into the text field identified by ``locator``.</doc>
<status status="PASS" start="2026-01-30T12:47:29.375316" elapsed="0.163774"/>
</kw>
<kw name="Sleep" owner="BuiltIn">
<msg time="2026-01-30T12:47:31.572031" level="INFO">Slept 2 seconds.</msg>
<arg>2s</arg>
<doc>Pauses the test executed for the given time.</doc>
<status status="PASS" start="2026-01-30T12:47:29.540622" elapsed="2.039786"/>
</kw>
<kw name="Capture Page Screenshot" owner="SeleniumLibrary">
<msg time="2026-01-30T12:47:31.901936" level="INFO" html="true">&lt;/td&gt;&lt;/tr&gt;&lt;tr&gt;&lt;td colspan="3"&gt;&lt;a href="selenium-screenshot-1.png"&gt;&lt;img src="selenium-screenshot-1.png" width="800px"&gt;&lt;/a&gt;</msg>
<doc>Takes a screenshot of the current page and embeds it into a log file.</doc>
<status status="PASS" start="2026-01-30T12:47:31.584955" elapsed="0.322686"/>
</kw>
<kw name="Click Button" owner="SeleniumLibrary">
<msg time="2026-01-30T12:47:31.925898" level="INFO">Clicking button 'xpath=//button[@type='submit']'.</msg>
<arg>xpath=//button[@type='submit']</arg>
<doc>Clicks the button identified by ``locator``.</doc>
<status status="PASS" start="2026-01-30T12:47:31.918314" elapsed="4.197696"/>
</kw>
<kw name="Sleep" owner="BuiltIn">
<msg time="2026-01-30T12:47:39.337224" level="INFO">Slept 3 seconds.</msg>
<arg>3s</arg>
<doc>Pauses the test executed for the given time.</doc>
<status status="PASS" start="2026-01-30T12:47:36.117757" elapsed="3.227261"/>
</kw>
<kw name="Capture Page Screenshot" owner="SeleniumLibrary">
<msg time="2026-01-30T12:47:41.249962" level="INFO" html="true">&lt;/td&gt;&lt;/tr&gt;&lt;tr&gt;&lt;td colspan="3"&gt;&lt;a href="selenium-screenshot-2.png"&gt;&lt;img src="selenium-screenshot-2.png" width="800px"&gt;&lt;/a&gt;</msg>
<doc>Takes a screenshot of the current page and embeds it into a log file.</doc>
<status status="PASS" start="2026-01-30T12:47:39.347027" elapsed="1.945045"/>
</kw>
<arg>username=Admin</arg>
<arg>password=admin123</arg>
<status status="PASS" start="2026-01-30T12:47:29.005042" elapsed="12.390004"/>
</kw>
<kw name="Close OrangeHRM" type="TEARDOWN">
<kw name="Close Browser" owner="SeleniumLibrary">
<doc>Closes the current browser.</doc>
<status status="PASS" start="2026-01-30T12:47:41.680834" elapsed="23.248281"/>
</kw>
<status status="PASS" start="2026-01-30T12:47:41.638576" elapsed="23.310607"/>
</kw>
<status status="PASS" start="2026-01-30T12:46:59.671392" elapsed="65.316539"/>
</test>
<test id="s1-t2" name="DDExcel_Login" line="14">
<kw name="Open OrangeHRM" type="SETUP">
<kw name="Open Browser" owner="SeleniumLibrary">
<msg time="2026-01-30T12:48:05.129012" level="INFO">Opening browser 'firefox' to base url 'https://opensource-demo.orangehrmlive.com/web/index.php/auth/login'.</msg>
<arg>${URL}</arg>
<arg>${BROWSER}</arg>
<doc>Opens a new browser instance to the optional ``url``.</doc>
<status status="PASS" start="2026-01-30T12:48:05.090203" elapsed="27.446240"/>
</kw>
<kw name="Maximize Browser Window" owner="SeleniumLibrary">
<doc>Maximizes current browser window.</doc>
<status status="PASS" start="2026-01-30T12:48:32.702720" elapsed="0.431353"/>
</kw>
<kw name="Wait Until Element Is Visible" owner="SeleniumLibrary">
<arg>name=username</arg>
<arg>10s</arg>
<doc>Waits until the element ``locator`` is visible.</doc>
<status status="PASS" start="2026-01-30T12:48:33.136079" elapsed="1.711416"/>
</kw>
<status status="PASS" start="2026-01-30T12:48:05.076058" elapsed="29.794994"/>
</kw>
<kw name="OrangeHRM Login With Excel">
<kw name="Log" owner="BuiltIn">
<msg time="2026-01-30T12:48:35.395947" level="INFO">Running with: Admin2 | pass123</msg>
<arg>Running with: ${username} | ${password}</arg>
<doc>Logs the given message with the given level.</doc>
<status status="PASS" start="2026-01-30T12:48:35.219415" elapsed="0.184023"/>
</kw>
<kw name="Input Text" owner="SeleniumLibrary">
<msg time="2026-01-30T12:48:35.439757" level="INFO">Typing text 'Admin2' into text field 'name=username'.</msg>
<arg>name=username</arg>
<arg>${username}</arg>
<doc>Types the given ``text`` into the text field identified by ``locator``.</doc>
<status status="PASS" start="2026-01-30T12:48:35.410736" elapsed="0.331633"/>
</kw>
<kw name="Input Text" owner="SeleniumLibrary">
<msg time="2026-01-30T12:48:35.743500" level="INFO">Typing text 'pass123' into text field 'name=password'.</msg>
<arg>name=password</arg>
<arg>${password}</arg>
<doc>Types the given ``text`` into the text field identified by ``locator``.</doc>
<status status="PASS" start="2026-01-30T12:48:35.742369" elapsed="0.494397"/>
</kw>
<kw name="Sleep" owner="BuiltIn">
<msg time="2026-01-30T12:48:38.302225" level="INFO">Slept 2 seconds.</msg>
<arg>2s</arg>
<doc>Pauses the test executed for the given time.</doc>
<status status="PASS" start="2026-01-30T12:48:36.240514" elapsed="2.061711"/>
</kw>
<kw name="Capture Page Screenshot" owner="SeleniumLibrary">
<msg time="2026-01-30T12:48:38.773965" level="INFO" html="true">&lt;/td&gt;&lt;/tr&gt;&lt;tr&gt;&lt;td colspan="3"&gt;&lt;a href="selenium-screenshot-3.png"&gt;&lt;img src="selenium-screenshot-3.png" width="800px"&gt;&lt;/a&gt;</msg>
<doc>Takes a screenshot of the current page and embeds it into a log file.</doc>
<status status="PASS" start="2026-01-30T12:48:38.397487" elapsed="0.381961"/>
</kw>
<kw name="Click Button" owner="SeleniumLibrary">
<msg time="2026-01-30T12:48:38.915050" level="INFO">Clicking button 'xpath=//button[@type='submit']'.</msg>
<arg>xpath=//button[@type='submit']</arg>
<doc>Clicks the button identified by ``locator``.</doc>
<status status="PASS" start="2026-01-30T12:48:38.804064" elapsed="14.193604"/>
</kw>
<kw name="Sleep" owner="BuiltIn">
<msg time="2026-01-30T12:48:56.735384" level="INFO">Slept 3 seconds.</msg>
<arg>3s</arg>
<doc>Pauses the test executed for the given time.</doc>
<status status="PASS" start="2026-01-30T12:48:53.310925" elapsed="3.427269"/>
</kw>
<kw name="Capture Page Screenshot" owner="SeleniumLibrary">
<msg time="2026-01-30T12:48:57.502490" level="INFO" html="true">&lt;/td&gt;&lt;/tr&gt;&lt;tr&gt;&lt;td colspan="3"&gt;&lt;a href="selenium-screenshot-4.png"&gt;&lt;img src="selenium-screenshot-4.png" width="800px"&gt;&lt;/a&gt;</msg>
<doc>Takes a screenshot of the current page and embeds it into a log file.</doc>
<status status="PASS" start="2026-01-30T12:48:56.813888" elapsed="0.688602"/>
</kw>
<arg>username=Admin2</arg>
<arg>password=pass123</arg>
<status status="PASS" start="2026-01-30T12:48:35.088926" elapsed="22.530262"/>
</kw>
<kw name="Close OrangeHRM" type="TEARDOWN">
<kw name="Close Browser" owner="SeleniumLibrary">
<doc>Closes the current browser.</doc>
<status status="PASS" start="2026-01-30T12:48:57.724122" elapsed="10.616683"/>
</kw>
<status status="PASS" start="2026-01-30T12:48:57.699037" elapsed="10.642973"/>
</kw>
<status status="PASS" start="2026-01-30T12:48:05.019379" elapsed="63.330071"/>
</test>
<test id="s1-t3" name="DDExcel_Login" line="14">
<kw name="Open OrangeHRM" type="SETUP">
<kw name="Open Browser" owner="SeleniumLibrary">
<msg time="2026-01-30T12:49:08.388133" level="INFO">Opening browser 'firefox' to base url 'https://opensource-demo.orangehrmlive.com/web/index.php/auth/login'.</msg>
<arg>${URL}</arg>
<arg>${BROWSER}</arg>
<doc>Opens a new browser instance to the optional ``url``.</doc>
<status status="PASS" start="2026-01-30T12:49:08.380568" elapsed="19.504092"/>
</kw>
<kw name="Maximize Browser Window" owner="SeleniumLibrary">
<doc>Maximizes current browser window.</doc>
<status status="PASS" start="2026-01-30T12:49:27.950408" elapsed="0.357639"/>
</kw>
<kw name="Wait Until Element Is Visible" owner="SeleniumLibrary">
<arg>name=username</arg>
<arg>10s</arg>
<doc>Waits until the element ``locator`` is visible.</doc>
<status status="PASS" start="2026-01-30T12:49:28.310719" elapsed="6.268335"/>
</kw>
<status status="PASS" start="2026-01-30T12:49:08.376561" elapsed="26.350482"/>
</kw>
<kw name="OrangeHRM Login With Excel">
<kw name="Log" owner="BuiltIn">
<msg time="2026-01-30T12:49:36.120657" level="INFO">Running with: user | 123df</msg>
<arg>Running with: ${username} | ${password}</arg>
<doc>Logs the given message with the given level.</doc>
<status status="PASS" start="2026-01-30T12:49:35.743475" elapsed="0.380071"/>
</kw>
<kw name="Input Text" owner="SeleniumLibrary">
<msg time="2026-01-30T12:49:36.155903" level="INFO">Typing text 'user' into text field 'name=username'.</msg>
<arg>name=username</arg>
<arg>${username}</arg>
<doc>Types the given ``text`` into the text field identified by ``locator``.</doc>
<status status="PASS" start="2026-01-30T12:49:36.139080" elapsed="0.181579"/>
</kw>
<kw name="Input Text" owner="SeleniumLibrary">
<msg time="2026-01-30T12:49:36.320659" level="INFO">Typing text '123df' into text field 'name=password'.</msg>
<arg>name=password</arg>
<arg>${password}</arg>
<doc>Types the given ``text`` into the text field identified by ``locator``.</doc>
<status status="PASS" start="2026-01-30T12:49:36.320659" elapsed="0.125981"/>
</kw>
<kw name="Sleep" owner="BuiltIn">
<msg time="2026-01-30T12:49:38.464642" level="INFO">Slept 2 seconds.</msg>
<arg>2s</arg>
<doc>Pauses the test executed for the given time.</doc>
<status status="PASS" start="2026-01-30T12:49:36.447641" elapsed="2.018820"/>
</kw>
<kw name="Capture Page Screenshot" owner="SeleniumLibrary">
<msg time="2026-01-30T12:49:38.785876" level="INFO" html="true">&lt;/td&gt;&lt;/tr&gt;&lt;tr&gt;&lt;td colspan="3"&gt;&lt;a href="selenium-screenshot-5.png"&gt;&lt;img src="selenium-screenshot-5.png" width="800px"&gt;&lt;/a&gt;</msg>
<doc>Takes a screenshot of the current page and embeds it into a log file.</doc>
<status status="PASS" start="2026-01-30T12:49:38.474507" elapsed="0.311369"/>
</kw>
<kw name="Click Button" owner="SeleniumLibrary">
<msg time="2026-01-30T12:49:38.793342" level="INFO">Clicking button 'xpath=//button[@type='submit']'.</msg>
<arg>xpath=//button[@type='submit']</arg>
<doc>Clicks the button identified by ``locator``.</doc>
<status status="PASS" start="2026-01-30T12:49:38.785876" elapsed="4.394786"/>
</kw>
<kw name="Sleep" owner="BuiltIn">
<msg time="2026-01-30T12:49:46.205513" level="INFO">Slept 3 seconds.</msg>
<arg>3s</arg>
<doc>Pauses the test executed for the given time.</doc>
<status status="PASS" start="2026-01-30T12:49:43.187605" elapsed="3.020501"/>
</kw>
<kw name="Capture Page Screenshot" owner="SeleniumLibrary">
<msg time="2026-01-30T12:49:46.309893" level="INFO" html="true">&lt;/td&gt;&lt;/tr&gt;&lt;tr&gt;&lt;td colspan="3"&gt;&lt;a href="selenium-screenshot-6.png"&gt;&lt;img src="selenium-screenshot-6.png" width="800px"&gt;&lt;/a&gt;</msg>
<doc>Takes a screenshot of the current page and embeds it into a log file.</doc>
<status status="PASS" start="2026-01-30T12:49:46.209117" elapsed="0.101597"/>
</kw>
<arg>username=user</arg>
<arg>password=123df</arg>
<status status="PASS" start="2026-01-30T12:49:35.355484" elapsed="10.955230"/>
</kw>
<kw name="Close OrangeHRM" type="TEARDOWN">
<kw name="Close Browser" owner="SeleniumLibrary">
<doc>Closes the current browser.</doc>
<status status="PASS" start="2026-01-30T12:49:46.320597" elapsed="10.469992"/>
</kw>
<status status="PASS" start="2026-01-30T12:49:46.316161" elapsed="10.474428"/>
</kw>
<status status="PASS" start="2026-01-30T12:49:08.357695" elapsed="48.432894"/>
</test>
<status status="PASS" start="2026-01-30T12:46:55.815086" elapsed="180.991291"/>
</suite>
<statistics>
<total>
<stat pass="3" fail="0" skip="0">All Tests</stat>
</total>
<tag>
</tag>
<suite>
<stat name="DDExcel Login" id="s1" pass="3" fail="0" skip="0">DDExcel Login</stat>
</suite>
</statistics>
<errors>
<msg time="2026-01-30T12:48:05.026130" level="WARN">Multiple tests with name 'DDExcel_Login' executed in suite 'DDExcel Login'.</msg>
<msg time="2026-01-30T12:49:08.360230" level="WARN">Multiple tests with name 'DDExcel_Login' executed in suite 'DDExcel Login'.</msg>
</errors>
</robot>
